<?xml version="1.0" encoding="UTF-8"?>
<coverage generated="1738963873821" clover="3.2.0">
  <project timestamp="1738963873821" name="All files">
    <metrics statements="381" coveredstatements="378" conditionals="167" coveredconditionals="157" methods="118" coveredmethods="118" elements="666" coveredelements="653" complexity="0" loc="381" ncloc="381" packages="54" files="54" classes="54"/>
    <package name="dist.day17.formatTime">
      <metrics statements="5" coveredstatements="5" conditionals="2" coveredconditionals="2" methods="1" coveredmethods="1"/>
      <file name="formatTime.js" path="/Users/npranto/workspace/projects/challenge-of-the-day/dist/day17/formatTime/formatTime.js">
        <metrics statements="5" coveredstatements="5" conditionals="2" coveredconditionals="2" methods="1" coveredmethods="1"/>
        <line num="3" count="1" type="stmt"/>
        <line num="6" count="1" type="stmt"/>
        <line num="7" count="1" type="stmt"/>
        <line num="8" count="4" type="cond" truecount="2" falsecount="0"/>
        <line num="10" count="1" type="stmt"/>
      </file>
    </package>
    <package name="dist.day17.kaprekarsConstant">
      <metrics statements="26" coveredstatements="26" conditionals="4" coveredconditionals="4" methods="6" coveredmethods="6"/>
      <file name="kaprekarsConstant.js" path="/Users/npranto/workspace/projects/challenge-of-the-day/dist/day17/kaprekarsConstant/kaprekarsConstant.js">
        <metrics statements="26" coveredstatements="26" conditionals="4" coveredconditionals="4" methods="6" coveredmethods="6"/>
        <line num="3" count="1" type="stmt"/>
        <line num="6" count="1" type="stmt"/>
        <line num="10" count="1" type="stmt"/>
        <line num="11" count="2" type="stmt"/>
        <line num="12" count="24" type="stmt"/>
        <line num="13" count="96" type="stmt"/>
        <line num="16" count="2" type="stmt"/>
        <line num="17" count="10" type="stmt"/>
        <line num="18" count="10" type="cond" truecount="2" falsecount="0"/>
        <line num="19" count="1" type="stmt"/>
        <line num="20" count="1" type="stmt"/>
        <line num="23" count="10" type="stmt"/>
        <line num="25" count="2" type="stmt"/>
        <line num="26" count="2" type="stmt"/>
        <line num="27" count="2" type="stmt"/>
        <line num="28" count="2" type="stmt"/>
        <line num="29" count="12" type="stmt"/>
        <line num="30" count="54" type="stmt"/>
        <line num="32" count="12" type="stmt"/>
        <line num="33" count="56" type="stmt"/>
        <line num="35" count="12" type="cond" truecount="2" falsecount="0"/>
        <line num="36" count="2" type="stmt"/>
        <line num="38" count="10" type="stmt"/>
        <line num="40" count="12" type="stmt"/>
        <line num="42" count="2" type="stmt"/>
        <line num="44" count="1" type="stmt"/>
      </file>
    </package>
    <package name="dist.day17.removePunctuationFromWord">
      <metrics statements="8" coveredstatements="8" conditionals="0" coveredconditionals="0" methods="2" coveredmethods="2"/>
      <file name="removePunctuationFromWord.js" path="/Users/npranto/workspace/projects/challenge-of-the-day/dist/day17/removePunctuationFromWord/removePunctuationFromWord.js">
        <metrics statements="8" coveredstatements="8" conditionals="0" coveredconditionals="0" methods="2" coveredmethods="2"/>
        <line num="3" count="1" type="stmt"/>
        <line num="6" count="1" type="stmt"/>
        <line num="7" count="1" type="stmt"/>
        <line num="8" count="5" type="stmt"/>
        <line num="9" count="5" type="stmt"/>
        <line num="10" count="5" type="stmt"/>
        <line num="11" count="58" type="stmt"/>
        <line num="14" count="1" type="stmt"/>
      </file>
    </package>
    <package name="src.day1.firstReverse">
      <metrics statements="4" coveredstatements="4" conditionals="2" coveredconditionals="2" methods="1" coveredmethods="1"/>
      <file name="firstReverse.js" path="/Users/npranto/workspace/projects/challenge-of-the-day/src/day1/firstReverse/firstReverse.js">
        <metrics statements="4" coveredstatements="4" conditionals="2" coveredconditionals="2" methods="1" coveredmethods="1"/>
        <line num="1" count="1" type="stmt"/>
        <line num="2" count="6" type="cond" truecount="2" falsecount="0"/>
        <line num="3" count="4" type="stmt"/>
        <line num="5" count="2" type="stmt"/>
      </file>
    </package>
    <package name="src.day10.arithGeo">
      <metrics statements="8" coveredstatements="8" conditionals="4" coveredconditionals="4" methods="3" coveredmethods="3"/>
      <file name="arithGeo.js" path="/Users/npranto/workspace/projects/challenge-of-the-day/src/day10/arithGeo/arithGeo.js">
        <metrics statements="8" coveredstatements="8" conditionals="4" coveredconditionals="4" methods="3" coveredmethods="3"/>
        <line num="3" count="1" type="stmt"/>
        <line num="4" count="3" type="stmt"/>
        <line num="5" count="3" type="stmt"/>
        <line num="7" count="3" type="stmt"/>
        <line num="8" count="12" type="stmt"/>
        <line num="11" count="3" type="stmt"/>
        <line num="12" count="12" type="stmt"/>
        <line num="14" count="3" type="cond" truecount="2" falsecount="0"/>
      </file>
    </package>
    <package name="src.day10.exOh">
      <metrics statements="5" coveredstatements="5" conditionals="2" coveredconditionals="2" methods="2" coveredmethods="2"/>
      <file name="exOh.js" path="/Users/npranto/workspace/projects/challenge-of-the-day/src/day10/exOh/exOh.js">
        <metrics statements="5" coveredstatements="5" conditionals="2" coveredconditionals="2" methods="2" coveredmethods="2"/>
        <line num="2" count="1" type="stmt"/>
        <line num="3" count="2" type="stmt"/>
        <line num="4" count="2" type="stmt"/>
        <line num="5" count="19" type="cond" truecount="2" falsecount="0"/>
        <line num="7" count="2" type="stmt"/>
      </file>
    </package>
    <package name="src.day10.palindrome">
      <metrics statements="1" coveredstatements="1" conditionals="0" coveredconditionals="0" methods="1" coveredmethods="1"/>
      <file name="palindrome.js" path="/Users/npranto/workspace/projects/challenge-of-the-day/src/day10/palindrome/palindrome.js">
        <metrics statements="1" coveredstatements="1" conditionals="0" coveredconditionals="0" methods="1" coveredmethods="1"/>
        <line num="1" count="3" type="stmt"/>
      </file>
    </package>
    <package name="src.day11.findMean">
      <metrics statements="3" coveredstatements="3" conditionals="0" coveredconditionals="0" methods="2" coveredmethods="2"/>
      <file name="findMean.js" path="/Users/npranto/workspace/projects/challenge-of-the-day/src/day11/findMean/findMean.js">
        <metrics statements="3" coveredstatements="3" conditionals="0" coveredconditionals="0" methods="2" coveredmethods="2"/>
        <line num="1" count="2" type="stmt"/>
        <line num="2" count="14" type="stmt"/>
        <line num="3" count="4" type="stmt"/>
      </file>
    </package>
    <package name="src.day11.findMode">
      <metrics statements="13" coveredstatements="13" conditionals="6" coveredconditionals="6" methods="4" coveredmethods="4"/>
      <file name="findMode.js" path="/Users/npranto/workspace/projects/challenge-of-the-day/src/day11/findMode/findMode.js">
        <metrics statements="13" coveredstatements="13" conditionals="6" coveredconditionals="6" methods="4" coveredmethods="4"/>
        <line num="5" count="2" type="stmt"/>
        <line num="6" count="4" type="stmt"/>
        <line num="7" count="4" type="stmt"/>
        <line num="8" count="4" type="stmt"/>
        <line num="9" count="19" type="cond" truecount="2" falsecount="0"/>
        <line num="10" count="7" type="stmt"/>
        <line num="11" count="7" type="stmt"/>
        <line num="14" count="4" type="cond" truecount="2" falsecount="0"/>
        <line num="17" count="2" type="stmt"/>
        <line num="18" count="26" type="stmt"/>
        <line num="19" count="26" type="stmt"/>
        <line num="20" count="130" type="cond" truecount="2" falsecount="0"/>
        <line num="22" count="26" type="stmt"/>
      </file>
    </package>
    <package name="src.day11.letterCountI">
      <metrics statements="12" coveredstatements="12" conditionals="2" coveredconditionals="2" methods="4" coveredmethods="4"/>
      <file name="letterCountI.js" path="/Users/npranto/workspace/projects/challenge-of-the-day/src/day11/letterCountI/letterCountI.js">
        <metrics statements="12" coveredstatements="12" conditionals="2" coveredconditionals="2" methods="4" coveredmethods="4"/>
        <line num="6" count="1" type="stmt"/>
        <line num="7" count="2" type="stmt"/>
        <line num="8" count="2" type="stmt"/>
        <line num="9" count="2" type="stmt"/>
        <line num="10" count="2" type="stmt"/>
        <line num="12" count="11" type="stmt"/>
        <line num="14" count="11" type="stmt"/>
        <line num="15" count="44" type="cond" truecount="2" falsecount="0"/>
        <line num="16" count="4" type="stmt"/>
        <line num="17" count="4" type="stmt"/>
        <line num="18" count="4" type="stmt"/>
        <line num="23" count="2" type="stmt"/>
      </file>
    </package>
    <package name="src.day11.meanMode">
      <metrics statements="4" coveredstatements="4" conditionals="2" coveredconditionals="2" methods="1" coveredmethods="1"/>
      <file name="meanMode.js" path="/Users/npranto/workspace/projects/challenge-of-the-day/src/day11/meanMode/meanMode.js">
        <metrics statements="4" coveredstatements="4" conditionals="2" coveredconditionals="2" methods="1" coveredmethods="1"/>
        <line num="4" count="1" type="stmt"/>
        <line num="5" count="2" type="stmt"/>
        <line num="6" count="2" type="stmt"/>
        <line num="7" count="2" type="cond" truecount="2" falsecount="0"/>
      </file>
    </package>
    <package name="src.day11.numberOfTimesLetterOccurInWord">
      <metrics statements="6" coveredstatements="6" conditionals="2" coveredconditionals="2" methods="2" coveredmethods="2"/>
      <file name="numberOfTimesLetterOccurInWord.js" path="/Users/npranto/workspace/projects/challenge-of-the-day/src/day11/numberOfTimesLetterOccurInWord/numberOfTimesLetterOccurInWord.js">
        <metrics statements="6" coveredstatements="6" conditionals="2" coveredconditionals="2" methods="2" coveredmethods="2"/>
        <line num="3" count="2" type="stmt"/>
        <line num="4" count="51" type="stmt"/>
        <line num="5" count="51" type="stmt"/>
        <line num="6" count="241" type="cond" truecount="2" falsecount="0"/>
        <line num="7" count="66" type="stmt"/>
        <line num="10" count="51" type="stmt"/>
      </file>
    </package>
    <package name="src.day11.secondGreatLow">
      <metrics statements="4" coveredstatements="4" conditionals="0" coveredconditionals="0" methods="4" coveredmethods="4"/>
      <file name="secondGreatLow.js" path="/Users/npranto/workspace/projects/challenge-of-the-day/src/day11/secondGreatLow/secondGreatLow.js">
        <metrics statements="4" coveredstatements="4" conditionals="0" coveredconditionals="0" methods="4" coveredmethods="4"/>
        <line num="2" count="2" type="stmt"/>
        <line num="3" count="12" type="stmt"/>
        <line num="5" count="1" type="stmt"/>
        <line num="6" count="2" type="stmt"/>
      </file>
    </package>
    <package name="src.day12.dashInsert">
      <metrics statements="11" coveredstatements="11" conditionals="6" coveredconditionals="6" methods="2" coveredmethods="2"/>
      <file name="dashInsert.js" path="/Users/npranto/workspace/projects/challenge-of-the-day/src/day12/dashInsert/dashInsert.js">
        <metrics statements="11" coveredstatements="11" conditionals="6" coveredconditionals="6" methods="2" coveredmethods="2"/>
        <line num="4" count="1" type="stmt"/>
        <line num="5" count="3" type="stmt"/>
        <line num="6" count="3" type="stmt"/>
        <line num="7" count="3" type="stmt"/>
        <line num="9" count="3" type="stmt"/>
        <line num="11" count="3" type="stmt"/>
        <line num="12" count="15" type="cond" truecount="2" falsecount="0"/>
        <line num="13" count="12" type="cond" truecount="4" falsecount="0"/>
        <line num="14" count="3" type="stmt"/>
        <line num="15" count="3" type="stmt"/>
        <line num="20" count="3" type="stmt"/>
      </file>
    </package>
    <package name="src.day12.isEven">
      <metrics statements="1" coveredstatements="1" conditionals="0" coveredconditionals="0" methods="1" coveredmethods="1"/>
      <file name="isEven.js" path="/Users/npranto/workspace/projects/challenge-of-the-day/src/day12/isEven/isEven.js">
        <metrics statements="1" coveredstatements="1" conditionals="0" coveredconditionals="0" methods="1" coveredmethods="1"/>
        <line num="1" count="33" type="stmt"/>
      </file>
    </package>
    <package name="src.day12.isOdd">
      <metrics statements="1" coveredstatements="1" conditionals="0" coveredconditionals="0" methods="1" coveredmethods="1"/>
      <file name="isOdd.js" path="/Users/npranto/workspace/projects/challenge-of-the-day/src/day12/isOdd/isOdd.js">
        <metrics statements="1" coveredstatements="1" conditionals="0" coveredconditionals="0" methods="1" coveredmethods="1"/>
        <line num="1" count="22" type="stmt"/>
      </file>
    </package>
    <package name="src.day13.powersOfTwo">
      <metrics statements="10" coveredstatements="10" conditionals="4" coveredconditionals="4" methods="2" coveredmethods="2"/>
      <file name="powersOfTwo.js" path="/Users/npranto/workspace/projects/challenge-of-the-day/src/day13/powersOfTwo/powersOfTwo.js">
        <metrics statements="10" coveredstatements="10" conditionals="4" coveredconditionals="4" methods="2" coveredmethods="2"/>
        <line num="3" count="1" type="stmt"/>
        <line num="4" count="11" type="cond" truecount="2" falsecount="0"/>
        <line num="5" count="2" type="stmt"/>
        <line num="7" count="9" type="stmt"/>
        <line num="8" count="9" type="stmt"/>
        <line num="9" count="9" type="stmt"/>
        <line num="12" count="1" type="stmt"/>
        <line num="13" count="2" type="cond" truecount="2" falsecount="0"/>
        <line num="14" count="1" type="stmt"/>
        <line num="16" count="1" type="stmt"/>
      </file>
    </package>
    <package name="src.day13.thirdGreatest">
      <metrics statements="2" coveredstatements="2" conditionals="0" coveredconditionals="0" methods="2" coveredmethods="2"/>
      <file name="thirdGreatest.js" path="/Users/npranto/workspace/projects/challenge-of-the-day/src/day13/thirdGreatest/thirdGreatest.js">
        <metrics statements="2" coveredstatements="2" conditionals="0" coveredconditionals="0" methods="2" coveredmethods="2"/>
        <line num="1" count="1" type="stmt"/>
        <line num="2" count="10" type="stmt"/>
      </file>
    </package>
    <package name="src.day14.primeMover">
      <metrics statements="8" coveredstatements="8" conditionals="2" coveredconditionals="2" methods="1" coveredmethods="1"/>
      <file name="primeMover.js" path="/Users/npranto/workspace/projects/challenge-of-the-day/src/day14/primeMover/primeMover.js">
        <metrics statements="8" coveredstatements="8" conditionals="2" coveredconditionals="2" methods="1" coveredmethods="1"/>
        <line num="3" count="1" type="stmt"/>
        <line num="4" count="2" type="stmt"/>
        <line num="5" count="2" type="stmt"/>
        <line num="6" count="2" type="stmt"/>
        <line num="7" count="54" type="stmt"/>
        <line num="8" count="54" type="cond" truecount="2" falsecount="0"/>
        <line num="9" count="17" type="stmt"/>
        <line num="12" count="2" type="stmt"/>
      </file>
    </package>
    <package name="src.day14.primeTime">
      <metrics statements="10" coveredstatements="10" conditionals="8" coveredconditionals="8" methods="2" coveredmethods="2"/>
      <file name="primeTime.js" path="/Users/npranto/workspace/projects/challenge-of-the-day/src/day14/primeTime/primeTime.js">
        <metrics statements="10" coveredstatements="10" conditionals="8" coveredconditionals="8" methods="2" coveredmethods="2"/>
        <line num="1" count="2" type="stmt"/>
        <line num="2" count="334" type="cond" truecount="2" falsecount="0"/>
        <line num="3" count="19" type="stmt"/>
        <line num="5" count="315" type="cond" truecount="2" falsecount="0"/>
        <line num="6" count="38" type="stmt"/>
        <line num="8" count="277" type="stmt"/>
        <line num="11" count="2" type="stmt"/>
        <line num="12" count="58" type="cond" truecount="4" falsecount="0"/>
        <line num="13" count="1" type="stmt"/>
        <line num="15" count="57" type="stmt"/>
      </file>
    </package>
    <package name="src.day15.camelCase">
      <metrics statements="5" coveredstatements="5" conditionals="2" coveredconditionals="2" methods="2" coveredmethods="2"/>
      <file name="camelCase.js" path="/Users/npranto/workspace/projects/challenge-of-the-day/src/day15/camelCase/camelCase.js">
        <metrics statements="5" coveredstatements="5" conditionals="2" coveredconditionals="2" methods="2" coveredmethods="2"/>
        <line num="1" count="1" type="stmt"/>
        <line num="2" count="2" type="stmt"/>
        <line num="5" count="4" type="cond" truecount="2" falsecount="0"/>
        <line num="6" count="2" type="stmt"/>
        <line num="8" count="2" type="stmt"/>
      </file>
    </package>
    <package name="src.day16.divisionStringified">
      <metrics statements="13" coveredstatements="13" conditionals="8" coveredconditionals="8" methods="2" coveredmethods="2"/>
      <file name="divisionStringified.js" path="/Users/npranto/workspace/projects/challenge-of-the-day/src/day16/divisionStringified/divisionStringified.js">
        <metrics statements="13" coveredstatements="13" conditionals="8" coveredconditionals="8" methods="2" coveredmethods="2"/>
        <line num="2" count="1" type="stmt"/>
        <line num="3" count="3" type="cond" truecount="4" falsecount="0"/>
        <line num="4" count="1" type="stmt"/>
        <line num="7" count="2" type="stmt"/>
        <line num="8" count="2" type="cond" truecount="2" falsecount="0"/>
        <line num="12" count="2" type="stmt"/>
        <line num="14" count="2" type="stmt"/>
        <line num="19" count="8" type="cond" truecount="2" falsecount="0"/>
        <line num="20" count="1" type="stmt"/>
        <line num="21" count="1" type="stmt"/>
        <line num="23" count="8" type="stmt"/>
        <line num="24" count="8" type="stmt"/>
        <line num="25" count="8" type="stmt"/>
      </file>
    </package>
    <package name="src.day17.formatTime">
      <metrics statements="1" coveredstatements="1" conditionals="2" coveredconditionals="2" methods="1" coveredmethods="1"/>
      <file name="formatTime.js" path="/Users/npranto/workspace/projects/challenge-of-the-day/src/day17/formatTime/formatTime.js">
        <metrics statements="1" coveredstatements="1" conditionals="2" coveredconditionals="2" methods="1" coveredmethods="1"/>
        <line num="1" count="4" type="cond" truecount="2" falsecount="0"/>
      </file>
    </package>
    <package name="src.day17.kaprekarsConstant">
      <metrics statements="21" coveredstatements="21" conditionals="4" coveredconditionals="4" methods="6" coveredmethods="6"/>
      <file name="kaprekarsConstant.js" path="/Users/npranto/workspace/projects/challenge-of-the-day/src/day17/kaprekarsConstant/kaprekarsConstant.js">
        <metrics statements="21" coveredstatements="21" conditionals="4" coveredconditionals="4" methods="6" coveredmethods="6"/>
        <line num="4" count="1" type="stmt"/>
        <line num="5" count="2" type="stmt"/>
        <line num="6" count="24" type="stmt"/>
        <line num="10" count="96" type="stmt"/>
        <line num="15" count="2" type="stmt"/>
        <line num="16" count="10" type="stmt"/>
        <line num="17" count="10" type="cond" truecount="2" falsecount="0"/>
        <line num="18" count="1" type="stmt"/>
        <line num="19" count="1" type="stmt"/>
        <line num="22" count="10" type="stmt"/>
        <line num="25" count="2" type="stmt"/>
        <line num="26" count="2" type="stmt"/>
        <line num="27" count="2" type="stmt"/>
        <line num="29" count="2" type="stmt"/>
        <line num="30" count="54" type="stmt"/>
        <line num="31" count="56" type="stmt"/>
        <line num="32" count="12" type="cond" truecount="2" falsecount="0"/>
        <line num="33" count="2" type="stmt"/>
        <line num="35" count="10" type="stmt"/>
        <line num="37" count="12" type="stmt"/>
        <line num="40" count="2" type="stmt"/>
      </file>
    </package>
    <package name="src.day17.removePunctuationFromWord">
      <metrics statements="5" coveredstatements="5" conditionals="0" coveredconditionals="0" methods="2" coveredmethods="2"/>
      <file name="removePunctuationFromWord.js" path="/Users/npranto/workspace/projects/challenge-of-the-day/src/day17/removePunctuationFromWord/removePunctuationFromWord.js">
        <metrics statements="5" coveredstatements="5" conditionals="0" coveredconditionals="0" methods="2" coveredmethods="2"/>
        <line num="1" count="1" type="stmt"/>
        <line num="2" count="5" type="stmt"/>
        <line num="3" count="5" type="stmt"/>
        <line num="4" count="5" type="stmt"/>
        <line num="5" count="58" type="stmt"/>
      </file>
    </package>
    <package name="src.day18.numberAddition">
      <metrics statements="4" coveredstatements="4" conditionals="2" coveredconditionals="1" methods="2" coveredmethods="2"/>
      <file name="numberAddition.js" path="/Users/npranto/workspace/projects/challenge-of-the-day/src/day18/numberAddition/numberAddition.js">
        <metrics statements="4" coveredstatements="4" conditionals="2" coveredconditionals="1" methods="2" coveredmethods="2"/>
        <line num="4" count="1" type="stmt"/>
        <line num="5" count="3" type="stmt"/>
        <line num="6" count="3" type="cond" truecount="1" falsecount="1"/>
        <line num="8" count="5" type="stmt"/>
      </file>
    </package>
    <package name="src.day18.swapCase">
      <metrics statements="3" coveredstatements="3" conditionals="4" coveredconditionals="4" methods="2" coveredmethods="2"/>
      <file name="swapCase.js" path="/Users/npranto/workspace/projects/challenge-of-the-day/src/day18/swapCase/swapCase.js">
        <metrics statements="3" coveredstatements="3" conditionals="4" coveredconditionals="4" methods="2" coveredmethods="2"/>
        <line num="4" count="1" type="stmt"/>
        <line num="5" count="3" type="stmt"/>
        <line num="8" count="118" type="cond" truecount="2" falsecount="0"/>
      </file>
    </package>
    <package name="src.day19.evenFibonacciNumbers">
      <metrics statements="8" coveredstatements="8" conditionals="7" coveredconditionals="7" methods="2" coveredmethods="2"/>
      <file name="evenFibonacciNumbers.js" path="/Users/npranto/workspace/projects/challenge-of-the-day/src/day19/evenFibonacciNumbers/evenFibonacciNumbers.js">
        <metrics statements="8" coveredstatements="8" conditionals="7" coveredconditionals="7" methods="2" coveredmethods="2"/>
        <line num="3" count="1" type="cond" truecount="3" falsecount="0"/>
        <line num="4" count="31" type="stmt"/>
        <line num="6" count="31" type="stmt"/>
        <line num="8" count="31" type="cond" truecount="2" falsecount="0"/>
        <line num="10" count="30" type="cond" truecount="2" falsecount="0"/>
        <line num="12" count="10" type="stmt"/>
        <line num="15" count="30" type="stmt"/>
        <line num="18" count="10" type="stmt"/>
      </file>
    </package>
    <package name="src.day19.multiplesOfThreeAndFive">
      <metrics statements="11" coveredstatements="11" conditionals="8" coveredconditionals="8" methods="2" coveredmethods="2"/>
      <file name="multiplesOfThreeAndFive.js" path="/Users/npranto/workspace/projects/challenge-of-the-day/src/day19/multiplesOfThreeAndFive/multiplesOfThreeAndFive.js">
        <metrics statements="11" coveredstatements="11" conditionals="8" coveredconditionals="8" methods="2" coveredmethods="2"/>
        <line num="3" count="1" type="stmt"/>
        <line num="4" count="2" type="stmt"/>
        <line num="5" count="2" type="stmt"/>
        <line num="7" count="2" type="stmt"/>
        <line num="8" count="1008" type="cond" truecount="4" falsecount="0"/>
        <line num="9" count="336" type="stmt"/>
        <line num="11" count="1008" type="cond" truecount="4" falsecount="0"/>
        <line num="12" count="134" type="stmt"/>
        <line num="14" count="1008" type="stmt"/>
        <line num="17" count="2" type="stmt"/>
        <line num="18" count="470" type="stmt"/>
      </file>
    </package>
    <package name="src.day2.firstFactorial">
      <metrics statements="9" coveredstatements="9" conditionals="8" coveredconditionals="8" methods="2" coveredmethods="2"/>
      <file name="firstFactorial.js" path="/Users/npranto/workspace/projects/challenge-of-the-day/src/day2/firstFactorial/firstFactorial.js">
        <metrics statements="9" coveredstatements="9" conditionals="8" coveredconditionals="8" methods="2" coveredmethods="2"/>
        <line num="1" count="10" type="stmt"/>
        <line num="3" count="1" type="stmt"/>
        <line num="4" count="13" type="cond" truecount="4" falsecount="0"/>
        <line num="5" count="10" type="cond" truecount="2" falsecount="0"/>
        <line num="6" count="1" type="stmt"/>
        <line num="8" count="9" type="cond" truecount="2" falsecount="0"/>
        <line num="9" count="2" type="stmt"/>
        <line num="11" count="7" type="stmt"/>
        <line num="13" count="3" type="stmt"/>
      </file>
    </package>
    <package name="src.day20.isFactor">
      <metrics statements="2" coveredstatements="2" conditionals="3" coveredconditionals="3" methods="1" coveredmethods="1"/>
      <file name="isFactor.js" path="/Users/npranto/workspace/projects/challenge-of-the-day/src/day20/isFactor/isFactor.js">
        <metrics statements="2" coveredstatements="2" conditionals="3" coveredconditionals="3" methods="1" coveredmethods="1"/>
        <line num="1" count="2" type="stmt"/>
        <line num="2" count="6571" type="cond" truecount="3" falsecount="0"/>
      </file>
    </package>
    <package name="src.day20.isPrime">
      <metrics statements="7" coveredstatements="7" conditionals="2" coveredconditionals="2" methods="1" coveredmethods="1"/>
      <file name="isPrime.js" path="/Users/npranto/workspace/projects/challenge-of-the-day/src/day20/isPrime/isPrime.js">
        <metrics statements="7" coveredstatements="7" conditionals="2" coveredconditionals="2" methods="1" coveredmethods="1"/>
        <line num="2" count="2" type="stmt"/>
        <line num="3" count="14" type="stmt"/>
        <line num="4" count="14" type="stmt"/>
        <line num="5" count="2312" type="cond" truecount="2" falsecount="0"/>
        <line num="6" count="11" type="stmt"/>
        <line num="8" count="2301" type="stmt"/>
        <line num="10" count="3" type="stmt"/>
      </file>
    </package>
    <package name="src.day20.largestPrimeFactor">
      <metrics statements="7" coveredstatements="6" conditionals="4" coveredconditionals="4" methods="1" coveredmethods="1"/>
      <file name="largestPrimeFactor.js" path="/Users/npranto/workspace/projects/challenge-of-the-day/src/day20/largestPrimeFactor/largestPrimeFactor.js">
        <metrics statements="7" coveredstatements="6" conditionals="4" coveredconditionals="4" methods="1" coveredmethods="1"/>
        <line num="4" count="1" type="stmt"/>
        <line num="5" count="1" type="stmt"/>
        <line num="6" count="1" type="stmt"/>
        <line num="7" count="6569" type="cond" truecount="4" falsecount="0"/>
        <line num="8" count="1" type="stmt"/>
        <line num="10" count="6568" type="stmt"/>
        <line num="12" count="0" type="stmt"/>
      </file>
    </package>
    <package name="src.day21.evenFibonacci">
      <metrics statements="8" coveredstatements="8" conditionals="1" coveredconditionals="0" methods="4" coveredmethods="4"/>
      <file name="evenFibonacci.js" path="/Users/npranto/workspace/projects/challenge-of-the-day/src/day21/evenFibonacci/evenFibonacci.js">
        <metrics statements="8" coveredstatements="8" conditionals="1" coveredconditionals="0" methods="4" coveredmethods="4"/>
        <line num="1" count="1" type="cond" truecount="0" falsecount="1"/>
        <line num="2" count="4" type="stmt"/>
        <line num="5" count="57" type="stmt"/>
        <line num="8" count="4" type="stmt"/>
        <line num="9" count="49" type="stmt"/>
        <line num="13" count="57" type="stmt"/>
        <line num="16" count="18" type="stmt"/>
        <line num="18" count="4" type="stmt"/>
      </file>
    </package>
    <package name="src.day21.largestPalindromeProduct">
      <metrics statements="12" coveredstatements="12" conditionals="0" coveredconditionals="0" methods="4" coveredmethods="4"/>
      <file name="largestPalindromeProduct.js" path="/Users/npranto/workspace/projects/challenge-of-the-day/src/day21/largestPalindromeProduct/largestPalindromeProduct.js">
        <metrics statements="12" coveredstatements="12" conditionals="0" coveredconditionals="0" methods="4" coveredmethods="4"/>
        <line num="6" count="1" type="stmt"/>
        <line num="10" count="2" type="stmt"/>
        <line num="11" count="2" type="stmt"/>
        <line num="12" count="1007802" type="stmt"/>
        <line num="14" count="2" type="stmt"/>
        <line num="15" count="2" type="stmt"/>
        <line num="16" count="2" type="stmt"/>
        <line num="17" count="1098" type="stmt"/>
        <line num="18" count="1007802" type="stmt"/>
        <line num="22" count="2" type="stmt"/>
        <line num="23" count="1007802" type="stmt"/>
        <line num="26" count="2" type="stmt"/>
      </file>
    </package>
    <package name="src.day21.largestPrimeFactor">
      <metrics statements="22" coveredstatements="21" conditionals="12" coveredconditionals="10" methods="6" coveredmethods="6"/>
      <file name="largestPrimeFactor.js" path="/Users/npranto/workspace/projects/challenge-of-the-day/src/day21/largestPrimeFactor/largestPrimeFactor.js">
        <metrics statements="22" coveredstatements="21" conditionals="12" coveredconditionals="10" methods="6" coveredmethods="6"/>
        <line num="3" count="1" type="stmt"/>
        <line num="5" count="5" type="stmt"/>
        <line num="6" count="5" type="stmt"/>
        <line num="8" count="5" type="stmt"/>
        <line num="9" count="6608" type="cond" truecount="2" falsecount="0"/>
        <line num="10" count="19" type="stmt"/>
        <line num="14" count="5" type="cond" truecount="3" falsecount="1"/>
        <line num="15" count="0" type="stmt"/>
        <line num="17" count="5" type="stmt"/>
        <line num="21" count="5" type="stmt"/>
        <line num="23" count="16" type="stmt"/>
        <line num="26" count="16" type="cond" truecount="2" falsecount="0"/>
        <line num="29" count="15" type="cond" truecount="1" falsecount="1"/>
        <line num="31" count="15" type="stmt"/>
        <line num="32" count="15" type="stmt"/>
        <line num="33" count="36" type="cond" truecount="2" falsecount="0"/>
        <line num="34" count="25" type="stmt"/>
        <line num="36" count="4" type="stmt"/>
        <line num="40" count="5" type="stmt"/>
        <line num="42" count="19" type="stmt"/>
        <line num="44" count="16" type="stmt"/>
        <line num="46" count="5" type="stmt"/>
      </file>
    </package>
    <package name="src.day21.multipleOf3And5">
      <metrics statements="8" coveredstatements="8" conditionals="4" coveredconditionals="4" methods="2" coveredmethods="2"/>
      <file name="multipleOf3And5.js" path="/Users/npranto/workspace/projects/challenge-of-the-day/src/day21/multipleOf3And5/multipleOf3And5.js">
        <metrics statements="8" coveredstatements="8" conditionals="4" coveredconditionals="4" methods="2" coveredmethods="2"/>
        <line num="2" count="1" type="stmt"/>
        <line num="3" count="5" type="stmt"/>
        <line num="4" count="5" type="stmt"/>
        <line num="7" count="5" type="stmt"/>
        <line num="8" count="29074" type="cond" truecount="4" falsecount="0"/>
        <line num="9" count="13567" type="stmt"/>
        <line num="14" count="13567" type="stmt"/>
        <line num="16" count="5" type="stmt"/>
      </file>
    </package>
    <package name="src.day21.sumSquareDifference">
      <metrics statements="9" coveredstatements="9" conditionals="0" coveredconditionals="0" methods="3" coveredmethods="3"/>
      <file name="sumSquareDifference.js" path="/Users/npranto/workspace/projects/challenge-of-the-day/src/day21/sumSquareDifference/sumSquareDifference.js">
        <metrics statements="9" coveredstatements="9" conditionals="0" coveredconditionals="0" methods="3" coveredmethods="3"/>
        <line num="5" count="1" type="stmt"/>
        <line num="6" count="2" type="stmt"/>
        <line num="9" count="2" type="stmt"/>
        <line num="10" count="30" type="stmt"/>
        <line num="14" count="2" type="stmt"/>
        <line num="15" count="30" type="stmt"/>
        <line num="20" count="2" type="stmt"/>
        <line num="21" count="30" type="stmt"/>
        <line num="26" count="2" type="stmt"/>
      </file>
    </package>
    <package name="src.day24.rangeExtraction">
      <metrics statements="25" coveredstatements="24" conditionals="20" coveredconditionals="15" methods="2" coveredmethods="2"/>
      <file name="rangeExtraction.js" path="/Users/npranto/workspace/projects/challenge-of-the-day/src/day24/rangeExtraction/rangeExtraction.js">
        <metrics statements="25" coveredstatements="24" conditionals="20" coveredconditionals="15" methods="2" coveredmethods="2"/>
        <line num="1" count="1" type="stmt"/>
        <line num="2" count="1" type="cond" truecount="3" falsecount="1"/>
        <line num="4" count="1" type="cond" truecount="1" falsecount="1"/>
        <line num="6" count="1" type="stmt"/>
        <line num="7" count="1" type="stmt"/>
        <line num="8" count="1" type="stmt"/>
        <line num="10" count="1" type="stmt"/>
        <line num="11" count="19" type="stmt"/>
        <line num="12" count="19" type="stmt"/>
        <line num="14" count="19" type="cond" truecount="2" falsecount="0"/>
        <line num="15" count="14" type="stmt"/>
        <line num="16" count="5" type="cond" truecount="2" falsecount="0"/>
        <line num="17" count="2" type="stmt"/>
        <line num="18" count="2" type="stmt"/>
        <line num="19" count="3" type="cond" truecount="1" falsecount="1"/>
        <line num="20" count="3" type="stmt"/>
        <line num="21" count="3" type="stmt"/>
        <line num="25" count="19" type="cond" truecount="2" falsecount="0"/>
        <line num="26" count="1" type="cond" truecount="1" falsecount="1"/>
        <line num="27" count="0" type="stmt"/>
        <line num="28" count="1" type="cond" truecount="1" falsecount="1"/>
        <line num="29" count="1" type="stmt"/>
        <line num="33" count="19" type="stmt"/>
        <line num="36" count="1" type="stmt"/>
        <line num="37" count="7" type="cond" truecount="2" falsecount="0"/>
      </file>
    </package>
    <package name="src.day25.scoreOfString">
      <metrics statements="9" coveredstatements="9" conditionals="0" coveredconditionals="0" methods="1" coveredmethods="1"/>
      <file name="scoreOfString.js" path="/Users/npranto/workspace/projects/challenge-of-the-day/src/day25/scoreOfString/scoreOfString.js">
        <metrics statements="9" coveredstatements="9" conditionals="0" coveredconditionals="0" methods="1" coveredmethods="1"/>
        <line num="6" count="1" type="stmt"/>
        <line num="7" count="2" type="stmt"/>
        <line num="8" count="2" type="stmt"/>
        <line num="9" count="2" type="stmt"/>
        <line num="10" count="6" type="stmt"/>
        <line num="11" count="6" type="stmt"/>
        <line num="12" count="6" type="stmt"/>
        <line num="13" count="6" type="stmt"/>
        <line num="15" count="2" type="stmt"/>
      </file>
    </package>
    <package name="src.day3.letterChanges">
      <metrics statements="11" coveredstatements="11" conditionals="6" coveredconditionals="6" methods="4" coveredmethods="4"/>
      <file name="letterChanges.js" path="/Users/npranto/workspace/projects/challenge-of-the-day/src/day3/letterChanges/letterChanges.js">
        <metrics statements="11" coveredstatements="11" conditionals="6" coveredconditionals="6" methods="4" coveredmethods="4"/>
        <line num="3" count="1" type="stmt"/>
        <line num="4" count="17" type="cond" truecount="4" falsecount="0"/>
        <line num="5" count="13" type="stmt"/>
        <line num="7" count="4" type="stmt"/>
        <line num="10" count="17" type="stmt"/>
        <line num="12" count="1" type="stmt"/>
        <line num="13" count="2" type="stmt"/>
        <line num="16" count="17" type="stmt"/>
        <line num="17" count="17" type="cond" truecount="2" falsecount="0"/>
        <line num="18" count="17" type="stmt"/>
        <line num="19" count="17" type="stmt"/>
      </file>
    </package>
    <package name="src.day3.longestWord">
      <metrics statements="3" coveredstatements="3" conditionals="0" coveredconditionals="0" methods="2" coveredmethods="2"/>
      <file name="longestWord.js" path="/Users/npranto/workspace/projects/challenge-of-the-day/src/day3/longestWord/longestWord.js">
        <metrics statements="3" coveredstatements="3" conditionals="0" coveredconditionals="0" methods="2" coveredmethods="2"/>
        <line num="2" count="1" type="stmt"/>
        <line num="3" count="2" type="stmt"/>
        <line num="5" count="3" type="stmt"/>
      </file>
    </package>
    <package name="src.day4.simpleAdding">
      <metrics statements="4" coveredstatements="4" conditionals="2" coveredconditionals="2" methods="1" coveredmethods="1"/>
      <file name="simpleAdding.js" path="/Users/npranto/workspace/projects/challenge-of-the-day/src/day4/simpleAdding/simpleAdding.js">
        <metrics statements="4" coveredstatements="4" conditionals="2" coveredconditionals="2" methods="1" coveredmethods="1"/>
        <line num="1" count="1" type="stmt"/>
        <line num="2" count="152" type="cond" truecount="2" falsecount="0"/>
        <line num="3" count="2" type="stmt"/>
        <line num="5" count="150" type="stmt"/>
      </file>
    </package>
    <package name="src.day5.letterCapitalize">
      <metrics statements="4" coveredstatements="4" conditionals="0" coveredconditionals="0" methods="2" coveredmethods="2"/>
      <file name="letterCapitalize.js" path="/Users/npranto/workspace/projects/challenge-of-the-day/src/day5/letterCapitalize/letterCapitalize.js">
        <metrics statements="4" coveredstatements="4" conditionals="0" coveredconditionals="0" methods="2" coveredmethods="2"/>
        <line num="1" count="1" type="stmt"/>
        <line num="2" count="2" type="stmt"/>
        <line num="6" count="5" type="stmt"/>
        <line num="7" count="5" type="stmt"/>
      </file>
    </package>
    <package name="src.day6.isLetter">
      <metrics statements="1" coveredstatements="1" conditionals="2" coveredconditionals="2" methods="1" coveredmethods="1"/>
      <file name="isLetter.js" path="/Users/npranto/workspace/projects/challenge-of-the-day/src/day6/isLetter/isLetter.js">
        <metrics statements="1" coveredstatements="1" conditionals="2" coveredconditionals="2" methods="1" coveredmethods="1"/>
        <line num="1" count="249" type="cond" truecount="2" falsecount="0"/>
      </file>
    </package>
    <package name="src.day6.simpleSymbols">
      <metrics statements="4" coveredstatements="4" conditionals="5" coveredconditionals="5" methods="2" coveredmethods="2"/>
      <file name="simpleSymbols.js" path="/Users/npranto/workspace/projects/challenge-of-the-day/src/day6/simpleSymbols/simpleSymbols.js">
        <metrics statements="4" coveredstatements="4" conditionals="5" coveredconditionals="5" methods="2" coveredmethods="2"/>
        <line num="3" count="1" type="stmt"/>
        <line num="4" count="2" type="stmt"/>
        <line num="8" count="10" type="cond" truecount="3" falsecount="0"/>
        <line num="10" count="2" type="cond" truecount="2" falsecount="0"/>
      </file>
    </package>
    <package name="src.day7.aBCheck">
      <metrics statements="6" coveredstatements="6" conditionals="7" coveredconditionals="6" methods="2" coveredmethods="2"/>
      <file name="aBCheck.js" path="/Users/npranto/workspace/projects/challenge-of-the-day/src/day7/aBCheck/aBCheck.js">
        <metrics statements="6" coveredstatements="6" conditionals="7" coveredconditionals="6" methods="2" coveredmethods="2"/>
        <line num="1" count="1" type="stmt"/>
        <line num="2" count="2" type="stmt"/>
        <line num="3" count="16" type="cond" truecount="2" falsecount="0"/>
        <line num="8" count="1" type="stmt"/>
        <line num="10" count="15" type="stmt"/>
        <line num="12" count="2" type="stmt"/>
      </file>
    </package>
    <package name="src.day7.alphabetSoup">
      <metrics statements="3" coveredstatements="3" conditionals="0" coveredconditionals="0" methods="2" coveredmethods="2"/>
      <file name="alphabetSoup.js" path="/Users/npranto/workspace/projects/challenge-of-the-day/src/day7/alphabetSoup/alphabetSoup.js">
        <metrics statements="3" coveredstatements="3" conditionals="0" coveredconditionals="0" methods="2" coveredmethods="2"/>
        <line num="1" count="1" type="stmt"/>
        <line num="2" count="2" type="stmt"/>
        <line num="4" count="32" type="stmt"/>
      </file>
    </package>
    <package name="src.day7.checkNums">
      <metrics statements="2" coveredstatements="2" conditionals="4" coveredconditionals="4" methods="1" coveredmethods="1"/>
      <file name="checkNums.js" path="/Users/npranto/workspace/projects/challenge-of-the-day/src/day7/checkNums/checkNums.js">
        <metrics statements="2" coveredstatements="2" conditionals="4" coveredconditionals="4" methods="1" coveredmethods="1"/>
        <line num="1" count="1" type="stmt"/>
        <line num="3" count="3" type="cond" truecount="4" falsecount="0"/>
      </file>
    </package>
    <package name="src.day7.timeConvert">
      <metrics statements="3" coveredstatements="3" conditionals="2" coveredconditionals="2" methods="2" coveredmethods="2"/>
      <file name="timeConvert.js" path="/Users/npranto/workspace/projects/challenge-of-the-day/src/day7/timeConvert/timeConvert.js">
        <metrics statements="3" coveredstatements="3" conditionals="2" coveredconditionals="2" methods="2" coveredmethods="2"/>
        <line num="1" count="4" type="cond" truecount="2" falsecount="0"/>
        <line num="3" count="1" type="stmt"/>
        <line num="4" count="2" type="stmt"/>
      </file>
    </package>
    <package name="src.day8.isVowel">
      <metrics statements="1" coveredstatements="1" conditionals="2" coveredconditionals="2" methods="1" coveredmethods="1"/>
      <file name="isVowel.js" path="/Users/npranto/workspace/projects/challenge-of-the-day/src/day8/isVowel/isVowel.js">
        <metrics statements="1" coveredstatements="1" conditionals="2" coveredconditionals="2" methods="1" coveredmethods="1"/>
        <line num="1" count="40" type="cond" truecount="2" falsecount="0"/>
      </file>
    </package>
    <package name="src.day8.vowelCount">
      <metrics statements="2" coveredstatements="2" conditionals="0" coveredconditionals="0" methods="2" coveredmethods="2"/>
      <file name="vowelCount.js" path="/Users/npranto/workspace/projects/challenge-of-the-day/src/day8/vowelCount/vowelCount.js">
        <metrics statements="2" coveredstatements="2" conditionals="0" coveredconditionals="0" methods="2" coveredmethods="2"/>
        <line num="4" count="1" type="stmt"/>
        <line num="5" count="32" type="stmt"/>
      </file>
    </package>
    <package name="src.day9.trimPunctuationsFromBothEnd">
      <metrics statements="3" coveredstatements="3" conditionals="0" coveredconditionals="0" methods="2" coveredmethods="2"/>
      <file name="trimPunctuationsFromBothEnd.js" path="/Users/npranto/workspace/projects/challenge-of-the-day/src/day9/trimPunctuationsFromBothEnd/trimPunctuationsFromBothEnd.js">
        <metrics statements="3" coveredstatements="3" conditionals="0" coveredconditionals="0" methods="2" coveredmethods="2"/>
        <line num="4" count="3" type="stmt"/>
        <line num="5" count="32" type="stmt"/>
        <line num="7" count="118" type="stmt"/>
      </file>
    </package>
    <package name="src.day9.wordCount">
      <metrics statements="3" coveredstatements="3" conditionals="0" coveredconditionals="0" methods="2" coveredmethods="2"/>
      <file name="wordCount.js" path="/Users/npranto/workspace/projects/challenge-of-the-day/src/day9/wordCount/wordCount.js">
        <metrics statements="3" coveredstatements="3" conditionals="0" coveredconditionals="0" methods="2" coveredmethods="2"/>
        <line num="5" count="1" type="stmt"/>
        <line num="6" count="2" type="stmt"/>
        <line num="9" count="17" type="stmt"/>
      </file>
    </package>
  </project>
</coverage>
