{"/Users/npranto/workspace/projects/challenge-of-the-day/dist/day17/formatTime/formatTime.js": {"path":"/Users/npranto/workspace/projects/challenge-of-the-day/dist/day17/formatTime/formatTime.js","statementMap":{"0":{"start":{"line":3,"column":0},"end":{"line":5,"column":3}},"1":{"start":{"line":6,"column":0},"end":{"line":6,"column":28}},"2":{"start":{"line":7,"column":17},"end":{"line":9,"column":1}},"3":{"start":{"line":8,"column":2},"end":{"line":8,"column":53}},"4":{"start":{"line":10,"column":15},"end":{"line":10,"column":46}}},"fnMap":{"0":{"name":"formatTime","decl":{"start":{"line":7,"column":26},"end":{"line":7,"column":36}},"loc":{"start":{"line":7,"column":42},"end":{"line":9,"column":1}},"line":7}},"branchMap":{"0":{"loc":{"start":{"line":8,"column":9},"end":{"line":8,"column":52}},"type":"cond-expr","locations":[{"start":{"line":8,"column":20},"end":{"line":8,"column":35}},{"start":{"line":8,"column":38},"end":{"line":8,"column":52}}],"line":8}},"s":{"0":1,"1":1,"2":1,"3":4,"4":1},"f":{"0":4},"b":{"0":[2,2]},"_coverageSchema":"1a1c01bbd47fc00a2c39e90264f33305004495a9","hash":"11f15f15173dc89df86ebe8df78c7e111aefa3fb"}
,"/Users/npranto/workspace/projects/challenge-of-the-day/dist/day17/kaprekarsConstant/kaprekarsConstant.js": {"path":"/Users/npranto/workspace/projects/challenge-of-the-day/dist/day17/kaprekarsConstant/kaprekarsConstant.js","statementMap":{"0":{"start":{"line":3,"column":0},"end":{"line":5,"column":3}},"1":{"start":{"line":6,"column":0},"end":{"line":6,"column":28}},"2":{"start":{"line":10,"column":24},"end":{"line":43,"column":1}},"3":{"start":{"line":11,"column":20},"end":{"line":15,"column":3}},"4":{"start":{"line":12,"column":4},"end":{"line":14,"column":33}},"5":{"start":{"line":13,"column":6},"end":{"line":13,"column":29}},"6":{"start":{"line":16,"column":24},"end":{"line":24,"column":3}},"7":{"start":{"line":17,"column":26},"end":{"line":17,"column":40}},"8":{"start":{"line":18,"column":4},"end":{"line":22,"column":5}},"9":{"start":{"line":19,"column":6},"end":{"line":21,"column":7}},"10":{"start":{"line":20,"column":8},"end":{"line":20,"column":31}},"11":{"start":{"line":23,"column":4},"end":{"line":23,"column":37}},"12":{"start":{"line":25,"column":15},"end":{"line":25,"column":19}},"13":{"start":{"line":26,"column":22},"end":{"line":26,"column":27}},"14":{"start":{"line":27,"column":17},"end":{"line":27,"column":18}},"15":{"start":{"line":28,"column":2},"end":{"line":41,"column":3}},"16":{"start":{"line":29,"column":27},"end":{"line":31,"column":6}},"17":{"start":{"line":30,"column":6},"end":{"line":30,"column":19}},"18":{"start":{"line":32,"column":26},"end":{"line":34,"column":6}},"19":{"start":{"line":33,"column":6},"end":{"line":33,"column":19}},"20":{"start":{"line":35,"column":4},"end":{"line":39,"column":5}},"21":{"start":{"line":36,"column":6},"end":{"line":36,"column":27}},"22":{"start":{"line":38,"column":6},"end":{"line":38,"column":64}},"23":{"start":{"line":40,"column":4},"end":{"line":40,"column":18}},"24":{"start":{"line":42,"column":2},"end":{"line":42,"column":18}},"25":{"start":{"line":44,"column":15},"end":{"line":44,"column":53}}},"fnMap":{"0":{"name":"kaprekarsConstant","decl":{"start":{"line":10,"column":33},"end":{"line":10,"column":50}},"loc":{"start":{"line":10,"column":56},"end":{"line":43,"column":1}},"line":10},"1":{"name":"orderNumber","decl":{"start":{"line":11,"column":29},"end":{"line":11,"column":40}},"loc":{"start":{"line":11,"column":57},"end":{"line":15,"column":3}},"line":11},"2":{"name":"(anonymous_2)","decl":{"start":{"line":12,"column":49},"end":{"line":12,"column":50}},"loc":{"start":{"line":12,"column":66},"end":{"line":14,"column":5}},"line":12},"3":{"name":"fitForFourDigit","decl":{"start":{"line":16,"column":33},"end":{"line":16,"column":48}},"loc":{"start":{"line":16,"column":54},"end":{"line":24,"column":3}},"line":16},"4":{"name":"(anonymous_4)","decl":{"start":{"line":29,"column":44},"end":{"line":29,"column":45}},"loc":{"start":{"line":29,"column":60},"end":{"line":31,"column":5}},"line":29},"5":{"name":"(anonymous_5)","decl":{"start":{"line":32,"column":43},"end":{"line":32,"column":44}},"loc":{"start":{"line":32,"column":59},"end":{"line":34,"column":5}},"line":32}},"branchMap":{"0":{"loc":{"start":{"line":18,"column":4},"end":{"line":22,"column":5}},"type":"if","locations":[{"start":{"line":18,"column":4},"end":{"line":22,"column":5}},{"start":{},"end":{}}],"line":18},"1":{"loc":{"start":{"line":35,"column":4},"end":{"line":39,"column":5}},"type":"if","locations":[{"start":{"line":35,"column":4},"end":{"line":39,"column":5}},{"start":{"line":37,"column":11},"end":{"line":39,"column":5}}],"line":35}},"s":{"0":1,"1":1,"2":1,"3":2,"4":24,"5":96,"6":2,"7":10,"8":10,"9":1,"10":1,"11":10,"12":2,"13":2,"14":2,"15":2,"16":12,"17":54,"18":12,"19":56,"20":12,"21":2,"22":10,"23":12,"24":2,"25":1},"f":{"0":2,"1":24,"2":96,"3":10,"4":54,"5":56},"b":{"0":[1,9],"1":[2,10]},"_coverageSchema":"1a1c01bbd47fc00a2c39e90264f33305004495a9","hash":"d9a8e1e99af22497c78fa366909b016e6b962fc4"}
,"/Users/npranto/workspace/projects/challenge-of-the-day/dist/day17/removePunctuationFromWord/removePunctuationFromWord.js": {"path":"/Users/npranto/workspace/projects/challenge-of-the-day/dist/day17/removePunctuationFromWord/removePunctuationFromWord.js","statementMap":{"0":{"start":{"line":3,"column":0},"end":{"line":5,"column":3}},"1":{"start":{"line":6,"column":0},"end":{"line":6,"column":28}},"2":{"start":{"line":7,"column":32},"end":{"line":13,"column":1}},"3":{"start":{"line":8,"column":44},"end":{"line":8,"column":62}},"4":{"start":{"line":9,"column":14},"end":{"line":9,"column":39}},"5":{"start":{"line":10,"column":2},"end":{"line":12,"column":14}},"6":{"start":{"line":11,"column":4},"end":{"line":11,"column":59}},"7":{"start":{"line":14,"column":15},"end":{"line":14,"column":61}}},"fnMap":{"0":{"name":"removePunctuationFromWord","decl":{"start":{"line":7,"column":41},"end":{"line":7,"column":66}},"loc":{"start":{"line":7,"column":73},"end":{"line":13,"column":1}},"line":7},"1":{"name":"(anonymous_1)","decl":{"start":{"line":10,"column":22},"end":{"line":10,"column":23}},"loc":{"start":{"line":10,"column":39},"end":{"line":12,"column":3}},"line":10}},"branchMap":{},"s":{"0":1,"1":1,"2":1,"3":5,"4":5,"5":5,"6":58,"7":1},"f":{"0":5,"1":58},"b":{},"_coverageSchema":"1a1c01bbd47fc00a2c39e90264f33305004495a9","hash":"b823cb0f627e73e5376d0866218be23ac4fde06b"}
,"/Users/npranto/workspace/projects/challenge-of-the-day/src/day1/firstReverse/firstReverse.js": {"path":"/Users/npranto/workspace/projects/challenge-of-the-day/src/day1/firstReverse/firstReverse.js","statementMap":{"0":{"start":{"line":1,"column":21},"end":{"line":6,"column":1}},"1":{"start":{"line":2,"column":2},"end":{"line":4,"column":3}},"2":{"start":{"line":3,"column":4},"end":{"line":3,"column":44}},"3":{"start":{"line":5,"column":2},"end":{"line":5,"column":14}}},"fnMap":{"0":{"name":"(anonymous_0)","decl":{"start":{"line":1,"column":21},"end":{"line":1,"column":22}},"loc":{"start":{"line":1,"column":30},"end":{"line":6,"column":1}},"line":1}},"branchMap":{"0":{"loc":{"start":{"line":2,"column":2},"end":{"line":4,"column":3}},"type":"if","locations":[{"start":{"line":2,"column":2},"end":{"line":4,"column":3}},{"start":{},"end":{}}],"line":2}},"s":{"0":1,"1":6,"2":4,"3":2},"f":{"0":6},"b":{"0":[4,2]},"_coverageSchema":"1a1c01bbd47fc00a2c39e90264f33305004495a9","hash":"b90a74e4bf64688ba50b02b3ecb1f723a116952d"}
,"/Users/npranto/workspace/projects/challenge-of-the-day/src/day10/arithGeo/arithGeo.js": {"path":"/Users/npranto/workspace/projects/challenge-of-the-day/src/day10/arithGeo/arithGeo.js","statementMap":{"0":{"start":{"line":3,"column":17},"end":{"line":19,"column":1}},"1":{"start":{"line":4,"column":15},"end":{"line":4,"column":30}},"2":{"start":{"line":5,"column":16},"end":{"line":5,"column":31}},"3":{"start":{"line":7,"column":23},"end":{"line":9,"column":3}},"4":{"start":{"line":8,"column":26},"end":{"line":8,"column":56}},"5":{"start":{"line":11,"column":22},"end":{"line":13,"column":3}},"6":{"start":{"line":12,"column":26},"end":{"line":12,"column":57}},"7":{"start":{"line":14,"column":2},"end":{"line":18,"column":11}}},"fnMap":{"0":{"name":"(anonymous_0)","decl":{"start":{"line":3,"column":17},"end":{"line":3,"column":18}},"loc":{"start":{"line":3,"column":26},"end":{"line":19,"column":1}},"line":3},"1":{"name":"(anonymous_1)","decl":{"start":{"line":8,"column":4},"end":{"line":8,"column":5}},"loc":{"start":{"line":8,"column":26},"end":{"line":8,"column":56}},"line":8},"2":{"name":"(anonymous_2)","decl":{"start":{"line":12,"column":4},"end":{"line":12,"column":5}},"loc":{"start":{"line":12,"column":26},"end":{"line":12,"column":57}},"line":12}},"branchMap":{"0":{"loc":{"start":{"line":14,"column":9},"end":{"line":18,"column":10}},"type":"cond-expr","locations":[{"start":{"line":15,"column":6},"end":{"line":15,"column":18}},{"start":{"line":16,"column":6},"end":{"line":18,"column":10}}],"line":14},"1":{"loc":{"start":{"line":16,"column":6},"end":{"line":18,"column":10}},"type":"cond-expr","locations":[{"start":{"line":17,"column":8},"end":{"line":17,"column":19}},{"start":{"line":18,"column":8},"end":{"line":18,"column":10}}],"line":16}},"s":{"0":1,"1":3,"2":3,"3":3,"4":12,"5":3,"6":12,"7":3},"f":{"0":3,"1":12,"2":12},"b":{"0":[1,2],"1":[1,1]},"_coverageSchema":"1a1c01bbd47fc00a2c39e90264f33305004495a9","hash":"57d76c656f46315f5aaa32800443266cacc68284"}
,"/Users/npranto/workspace/projects/challenge-of-the-day/src/day10/exOh/exOh.js": {"path":"/Users/npranto/workspace/projects/challenge-of-the-day/src/day10/exOh/exOh.js","statementMap":{"0":{"start":{"line":2,"column":13},"end":{"line":8,"column":1}},"1":{"start":{"line":3,"column":16},"end":{"line":3,"column":17}},"2":{"start":{"line":4,"column":2},"end":{"line":6,"column":5}},"3":{"start":{"line":5,"column":4},"end":{"line":5,"column":51}},"4":{"start":{"line":7,"column":2},"end":{"line":7,"column":23}}},"fnMap":{"0":{"name":"(anonymous_0)","decl":{"start":{"line":2,"column":13},"end":{"line":2,"column":14}},"loc":{"start":{"line":2,"column":22},"end":{"line":8,"column":1}},"line":2},"1":{"name":"(anonymous_1)","decl":{"start":{"line":4,"column":24},"end":{"line":4,"column":25}},"loc":{"start":{"line":4,"column":34},"end":{"line":6,"column":3}},"line":4}},"branchMap":{"0":{"loc":{"start":{"line":5,"column":4},"end":{"line":5,"column":50}},"type":"cond-expr","locations":[{"start":{"line":5,"column":20},"end":{"line":5,"column":32}},{"start":{"line":5,"column":37},"end":{"line":5,"column":49}}],"line":5}},"s":{"0":1,"1":2,"2":2,"3":19,"4":2},"f":{"0":2,"1":19},"b":{"0":[10,9]},"_coverageSchema":"1a1c01bbd47fc00a2c39e90264f33305004495a9","hash":"312e57423e0b58e0bf84e82f5e8d1758e2717c6d"}
,"/Users/npranto/workspace/projects/challenge-of-the-day/src/day10/palindrome/palindrome.js": {"path":"/Users/npranto/workspace/projects/challenge-of-the-day/src/day10/palindrome/palindrome.js","statementMap":{"0":{"start":{"line":1,"column":19},"end":{"line":1,"column":68}},"1":{"start":{"line":1,"column":28},"end":{"line":1,"column":68}}},"fnMap":{"0":{"name":"(anonymous_0)","decl":{"start":{"line":1,"column":19},"end":{"line":1,"column":20}},"loc":{"start":{"line":1,"column":28},"end":{"line":1,"column":68}},"line":1}},"branchMap":{},"s":{"0":1,"1":3},"f":{"0":3},"b":{},"_coverageSchema":"1a1c01bbd47fc00a2c39e90264f33305004495a9","hash":"6164568293b1767dcd3ddc4a6032e66ad2d50073"}
,"/Users/npranto/workspace/projects/challenge-of-the-day/src/day11/findMean/findMean.js": {"path":"/Users/npranto/workspace/projects/challenge-of-the-day/src/day11/findMean/findMean.js","statementMap":{"0":{"start":{"line":1,"column":17},"end":{"line":4,"column":1}},"1":{"start":{"line":2,"column":14},"end":{"line":2,"column":62}},"2":{"start":{"line":2,"column":50},"end":{"line":2,"column":61}},"3":{"start":{"line":3,"column":2},"end":{"line":3,"column":35}}},"fnMap":{"0":{"name":"(anonymous_0)","decl":{"start":{"line":1,"column":17},"end":{"line":1,"column":18}},"loc":{"start":{"line":1,"column":35},"end":{"line":4,"column":1}},"line":1},"1":{"name":"(anonymous_1)","decl":{"start":{"line":2,"column":34},"end":{"line":2,"column":35}},"loc":{"start":{"line":2,"column":50},"end":{"line":2,"column":61}},"line":2}},"branchMap":{},"s":{"0":2,"1":4,"2":14,"3":4},"f":{"0":4,"1":14},"b":{},"_coverageSchema":"1a1c01bbd47fc00a2c39e90264f33305004495a9","hash":"58f8caca0ca0a8db345be885378773b1e3d7b822"}
,"/Users/npranto/workspace/projects/challenge-of-the-day/src/day11/findMode/findMode.js": {"path":"/Users/npranto/workspace/projects/challenge-of-the-day/src/day11/findMode/findMode.js","statementMap":{"0":{"start":{"line":5,"column":17},"end":{"line":15,"column":1}},"1":{"start":{"line":6,"column":28},"end":{"line":6,"column":32}},"2":{"start":{"line":7,"column":22},"end":{"line":7,"column":23}},"3":{"start":{"line":8,"column":2},"end":{"line":13,"column":5}},"4":{"start":{"line":9,"column":4},"end":{"line":12,"column":5}},"5":{"start":{"line":10,"column":6},"end":{"line":10,"column":52}},"6":{"start":{"line":11,"column":6},"end":{"line":11,"column":33}},"7":{"start":{"line":14,"column":2},"end":{"line":14,"column":64}},"8":{"start":{"line":17,"column":27},"end":{"line":23,"column":1}},"9":{"start":{"line":18,"column":20},"end":{"line":18,"column":21}},"10":{"start":{"line":19,"column":2},"end":{"line":21,"column":5}},"11":{"start":{"line":20,"column":4},"end":{"line":20,"column":55}},"12":{"start":{"line":22,"column":2},"end":{"line":22,"column":21}}},"fnMap":{"0":{"name":"(anonymous_0)","decl":{"start":{"line":5,"column":17},"end":{"line":5,"column":18}},"loc":{"start":{"line":5,"column":35},"end":{"line":15,"column":1}},"line":5},"1":{"name":"(anonymous_1)","decl":{"start":{"line":8,"column":23},"end":{"line":8,"column":24}},"loc":{"start":{"line":8,"column":45},"end":{"line":13,"column":3}},"line":8},"2":{"name":"(anonymous_2)","decl":{"start":{"line":17,"column":27},"end":{"line":17,"column":28}},"loc":{"start":{"line":17,"column":51},"end":{"line":23,"column":1}},"line":17},"3":{"name":"(anonymous_3)","decl":{"start":{"line":19,"column":14},"end":{"line":19,"column":15}},"loc":{"start":{"line":19,"column":36},"end":{"line":21,"column":3}},"line":19}},"branchMap":{"0":{"loc":{"start":{"line":9,"column":4},"end":{"line":12,"column":5}},"type":"if","locations":[{"start":{"line":9,"column":4},"end":{"line":12,"column":5}},{"start":{},"end":{}}],"line":9},"1":{"loc":{"start":{"line":14,"column":9},"end":{"line":14,"column":63}},"type":"cond-expr","locations":[{"start":{"line":14,"column":37},"end":{"line":14,"column":41}},{"start":{"line":14,"column":44},"end":{"line":14,"column":63}}],"line":14},"2":{"loc":{"start":{"line":20,"column":4},"end":{"line":20,"column":54}},"type":"cond-expr","locations":[{"start":{"line":20,"column":30},"end":{"line":20,"column":46}},{"start":{"line":20,"column":50},"end":{"line":20,"column":54}}],"line":20}},"s":{"0":2,"1":4,"2":4,"3":4,"4":19,"5":7,"6":7,"7":4,"8":2,"9":26,"10":26,"11":130,"12":26},"f":{"0":4,"1":19,"2":26,"3":130},"b":{"0":[7,12],"1":[1,3],"2":[47,83]},"_coverageSchema":"1a1c01bbd47fc00a2c39e90264f33305004495a9","hash":"9b8f987bdbd63a7e66380ae580172b9300caefa8"}
,"/Users/npranto/workspace/projects/challenge-of-the-day/src/day11/letterCountI/letterCountI.js": {"path":"/Users/npranto/workspace/projects/challenge-of-the-day/src/day11/letterCountI/letterCountI.js","statementMap":{"0":{"start":{"line":6,"column":21},"end":{"line":24,"column":1}},"1":{"start":{"line":7,"column":31},"end":{"line":7,"column":33}},"2":{"start":{"line":8,"column":27},"end":{"line":8,"column":29}},"3":{"start":{"line":9,"column":27},"end":{"line":9,"column":28}},"4":{"start":{"line":10,"column":2},"end":{"line":21,"column":7}},"5":{"start":{"line":12,"column":31},"end":{"line":12,"column":64}},"6":{"start":{"line":14,"column":6},"end":{"line":20,"column":9}},"7":{"start":{"line":15,"column":8},"end":{"line":19,"column":9}},"8":{"start":{"line":16,"column":10},"end":{"line":16,"column":75}},"9":{"start":{"line":17,"column":10},"end":{"line":17,"column":38}},"10":{"start":{"line":18,"column":10},"end":{"line":18,"column":40}},"11":{"start":{"line":23,"column":2},"end":{"line":23,"column":102}}},"fnMap":{"0":{"name":"(anonymous_0)","decl":{"start":{"line":6,"column":21},"end":{"line":6,"column":22}},"loc":{"start":{"line":6,"column":30},"end":{"line":24,"column":1}},"line":6},"1":{"name":"(anonymous_1)","decl":{"start":{"line":12,"column":9},"end":{"line":12,"column":10}},"loc":{"start":{"line":12,"column":31},"end":{"line":12,"column":64}},"line":12},"2":{"name":"(anonymous_2)","decl":{"start":{"line":13,"column":13},"end":{"line":13,"column":14}},"loc":{"start":{"line":13,"column":35},"end":{"line":21,"column":5}},"line":13},"3":{"name":"(anonymous_3)","decl":{"start":{"line":14,"column":29},"end":{"line":14,"column":30}},"loc":{"start":{"line":14,"column":53},"end":{"line":20,"column":7}},"line":14}},"branchMap":{"0":{"loc":{"start":{"line":15,"column":8},"end":{"line":19,"column":9}},"type":"if","locations":[{"start":{"line":15,"column":8},"end":{"line":19,"column":9}},{"start":{},"end":{}}],"line":15}},"s":{"0":1,"1":2,"2":2,"3":2,"4":2,"5":11,"6":11,"7":44,"8":4,"9":4,"10":4,"11":2},"f":{"0":2,"1":11,"2":11,"3":44},"b":{"0":[4,40]},"_coverageSchema":"1a1c01bbd47fc00a2c39e90264f33305004495a9","hash":"c766c9cc60a6d54a7636db683f94365a3b568a38"}
,"/Users/npranto/workspace/projects/challenge-of-the-day/src/day11/meanMode/meanMode.js": {"path":"/Users/npranto/workspace/projects/challenge-of-the-day/src/day11/meanMode/meanMode.js","statementMap":{"0":{"start":{"line":4,"column":17},"end":{"line":8,"column":1}},"1":{"start":{"line":5,"column":15},"end":{"line":5,"column":37}},"2":{"start":{"line":6,"column":15},"end":{"line":6,"column":37}},"3":{"start":{"line":7,"column":2},"end":{"line":7,"column":31}}},"fnMap":{"0":{"name":"(anonymous_0)","decl":{"start":{"line":4,"column":17},"end":{"line":4,"column":18}},"loc":{"start":{"line":4,"column":35},"end":{"line":8,"column":1}},"line":4}},"branchMap":{"0":{"loc":{"start":{"line":7,"column":9},"end":{"line":7,"column":30}},"type":"cond-expr","locations":[{"start":{"line":7,"column":25},"end":{"line":7,"column":26}},{"start":{"line":7,"column":29},"end":{"line":7,"column":30}}],"line":7}},"s":{"0":1,"1":2,"2":2,"3":2},"f":{"0":2},"b":{"0":[1,1]},"_coverageSchema":"1a1c01bbd47fc00a2c39e90264f33305004495a9","hash":"627eb4fc795ed81384ad28569233f5a8c304bf1b"}
,"/Users/npranto/workspace/projects/challenge-of-the-day/src/day11/numberOfTimesLetterOccurInWord/numberOfTimesLetterOccurInWord.js": {"path":"/Users/npranto/workspace/projects/challenge-of-the-day/src/day11/numberOfTimesLetterOccurInWord/numberOfTimesLetterOccurInWord.js","statementMap":{"0":{"start":{"line":3,"column":39},"end":{"line":11,"column":1}},"1":{"start":{"line":4,"column":20},"end":{"line":4,"column":21}},"2":{"start":{"line":5,"column":2},"end":{"line":9,"column":5}},"3":{"start":{"line":6,"column":4},"end":{"line":8,"column":5}},"4":{"start":{"line":7,"column":6},"end":{"line":7,"column":23}},"5":{"start":{"line":10,"column":2},"end":{"line":10,"column":21}}},"fnMap":{"0":{"name":"(anonymous_0)","decl":{"start":{"line":3,"column":39},"end":{"line":3,"column":40}},"loc":{"start":{"line":3,"column":56},"end":{"line":11,"column":1}},"line":3},"1":{"name":"(anonymous_1)","decl":{"start":{"line":5,"column":14},"end":{"line":5,"column":15}},"loc":{"start":{"line":5,"column":36},"end":{"line":9,"column":3}},"line":5}},"branchMap":{"0":{"loc":{"start":{"line":6,"column":4},"end":{"line":8,"column":5}},"type":"if","locations":[{"start":{"line":6,"column":4},"end":{"line":8,"column":5}},{"start":{},"end":{}}],"line":6}},"s":{"0":2,"1":51,"2":51,"3":241,"4":66,"5":51},"f":{"0":51,"1":241},"b":{"0":[66,175]},"_coverageSchema":"1a1c01bbd47fc00a2c39e90264f33305004495a9","hash":"0d1e6c6b3773425b1ae199b4e14d4255bde5972c"}
,"/Users/npranto/workspace/projects/challenge-of-the-day/src/day11/secondGreatLow/secondGreatLow.js": {"path":"/Users/npranto/workspace/projects/challenge-of-the-day/src/day11/secondGreatLow/secondGreatLow.js","statementMap":{"0":{"start":{"line":2,"column":25},"end":{"line":2,"column":51}},"1":{"start":{"line":2,"column":34},"end":{"line":2,"column":51}},"2":{"start":{"line":3,"column":22},"end":{"line":3,"column":68}},"3":{"start":{"line":3,"column":31},"end":{"line":3,"column":68}},"4":{"start":{"line":3,"column":56},"end":{"line":3,"column":67}},"5":{"start":{"line":5,"column":23},"end":{"line":6,"column":72}},"6":{"start":{"line":6,"column":2},"end":{"line":6,"column":72}}},"fnMap":{"0":{"name":"(anonymous_0)","decl":{"start":{"line":2,"column":25},"end":{"line":2,"column":26}},"loc":{"start":{"line":2,"column":34},"end":{"line":2,"column":51}},"line":2},"1":{"name":"(anonymous_1)","decl":{"start":{"line":3,"column":22},"end":{"line":3,"column":23}},"loc":{"start":{"line":3,"column":31},"end":{"line":3,"column":68}},"line":3},"2":{"name":"(anonymous_2)","decl":{"start":{"line":3,"column":40},"end":{"line":3,"column":41}},"loc":{"start":{"line":3,"column":56},"end":{"line":3,"column":67}},"line":3},"3":{"name":"(anonymous_3)","decl":{"start":{"line":5,"column":23},"end":{"line":5,"column":24}},"loc":{"start":{"line":6,"column":2},"end":{"line":6,"column":72}},"line":6}},"branchMap":{},"s":{"0":1,"1":2,"2":1,"3":2,"4":12,"5":1,"6":2},"f":{"0":2,"1":2,"2":12,"3":2},"b":{},"_coverageSchema":"1a1c01bbd47fc00a2c39e90264f33305004495a9","hash":"314cd7d21642df9f35c0cb0c975a60d76ebc7271"}
,"/Users/npranto/workspace/projects/challenge-of-the-day/src/day12/dashInsert/dashInsert.js": {"path":"/Users/npranto/workspace/projects/challenge-of-the-day/src/day12/dashInsert/dashInsert.js","statementMap":{"0":{"start":{"line":4,"column":19},"end":{"line":21,"column":1}},"1":{"start":{"line":5,"column":22},"end":{"line":5,"column":36}},"2":{"start":{"line":6,"column":27},"end":{"line":6,"column":48}},"3":{"start":{"line":7,"column":33},"end":{"line":7,"column":57}},"4":{"start":{"line":9,"column":25},"end":{"line":9,"column":26}},"5":{"start":{"line":11,"column":2},"end":{"line":18,"column":5}},"6":{"start":{"line":12,"column":4},"end":{"line":17,"column":5}},"7":{"start":{"line":13,"column":6},"end":{"line":16,"column":7}},"8":{"start":{"line":14,"column":8},"end":{"line":14,"column":66}},"9":{"start":{"line":15,"column":8},"end":{"line":15,"column":27}},"10":{"start":{"line":20,"column":2},"end":{"line":20,"column":35}}},"fnMap":{"0":{"name":"(anonymous_0)","decl":{"start":{"line":4,"column":19},"end":{"line":4,"column":20}},"loc":{"start":{"line":4,"column":28},"end":{"line":21,"column":1}},"line":4},"1":{"name":"(anonymous_1)","decl":{"start":{"line":11,"column":33},"end":{"line":11,"column":34}},"loc":{"start":{"line":11,"column":55},"end":{"line":18,"column":3}},"line":11}},"branchMap":{"0":{"loc":{"start":{"line":12,"column":4},"end":{"line":17,"column":5}},"type":"if","locations":[{"start":{"line":12,"column":4},"end":{"line":17,"column":5}},{"start":{},"end":{}}],"line":12},"1":{"loc":{"start":{"line":13,"column":6},"end":{"line":16,"column":7}},"type":"if","locations":[{"start":{"line":13,"column":6},"end":{"line":16,"column":7}},{"start":{},"end":{}}],"line":13},"2":{"loc":{"start":{"line":13,"column":10},"end":{"line":13,"column":46}},"type":"binary-expr","locations":[{"start":{"line":13,"column":10},"end":{"line":13,"column":21}},{"start":{"line":13,"column":25},"end":{"line":13,"column":46}}],"line":13}},"s":{"0":1,"1":3,"2":3,"3":3,"4":3,"5":3,"6":15,"7":12,"8":3,"9":3,"10":3},"f":{"0":3,"1":15},"b":{"0":[12,3],"1":[3,9],"2":[12,7]},"_coverageSchema":"1a1c01bbd47fc00a2c39e90264f33305004495a9","hash":"c50a1aee7027ec055e91ee8cbeaee6299aac19cf"}
,"/Users/npranto/workspace/projects/challenge-of-the-day/src/day12/isEven/isEven.js": {"path":"/Users/npranto/workspace/projects/challenge-of-the-day/src/day12/isEven/isEven.js","statementMap":{"0":{"start":{"line":1,"column":15},"end":{"line":1,"column":37}},"1":{"start":{"line":1,"column":24},"end":{"line":1,"column":37}}},"fnMap":{"0":{"name":"(anonymous_0)","decl":{"start":{"line":1,"column":15},"end":{"line":1,"column":16}},"loc":{"start":{"line":1,"column":24},"end":{"line":1,"column":37}},"line":1}},"branchMap":{},"s":{"0":2,"1":33},"f":{"0":33},"b":{},"_coverageSchema":"1a1c01bbd47fc00a2c39e90264f33305004495a9","hash":"01aa676681b01bd082559e2d33ce4dd3fbfa32ba"}
,"/Users/npranto/workspace/projects/challenge-of-the-day/src/day12/isOdd/isOdd.js": {"path":"/Users/npranto/workspace/projects/challenge-of-the-day/src/day12/isOdd/isOdd.js","statementMap":{"0":{"start":{"line":1,"column":14},"end":{"line":1,"column":36}},"1":{"start":{"line":1,"column":23},"end":{"line":1,"column":36}}},"fnMap":{"0":{"name":"(anonymous_0)","decl":{"start":{"line":1,"column":14},"end":{"line":1,"column":15}},"loc":{"start":{"line":1,"column":23},"end":{"line":1,"column":36}},"line":1}},"branchMap":{},"s":{"0":2,"1":22},"f":{"0":22},"b":{},"_coverageSchema":"1a1c01bbd47fc00a2c39e90264f33305004495a9","hash":"b9de898a108f4e9c05bd60357eda28c10910f389"}
,"/Users/npranto/workspace/projects/challenge-of-the-day/src/day13/powersOfTwo/powersOfTwo.js": {"path":"/Users/npranto/workspace/projects/challenge-of-the-day/src/day13/powersOfTwo/powersOfTwo.js","statementMap":{"0":{"start":{"line":3,"column":28},"end":{"line":10,"column":1}},"1":{"start":{"line":4,"column":2},"end":{"line":6,"column":3}},"2":{"start":{"line":5,"column":4},"end":{"line":5,"column":21}},"3":{"start":{"line":7,"column":2},"end":{"line":7,"column":17}},"4":{"start":{"line":8,"column":2},"end":{"line":8,"column":37}},"5":{"start":{"line":9,"column":2},"end":{"line":9,"column":72}},"6":{"start":{"line":12,"column":20},"end":{"line":17,"column":1}},"7":{"start":{"line":13,"column":2},"end":{"line":15,"column":3}},"8":{"start":{"line":14,"column":4},"end":{"line":14,"column":16}},"9":{"start":{"line":16,"column":2},"end":{"line":16,"column":15}}},"fnMap":{"0":{"name":"(anonymous_0)","decl":{"start":{"line":3,"column":28},"end":{"line":3,"column":29}},"loc":{"start":{"line":3,"column":75},"end":{"line":10,"column":1}},"line":3},"1":{"name":"(anonymous_1)","decl":{"start":{"line":12,"column":20},"end":{"line":12,"column":21}},"loc":{"start":{"line":12,"column":45},"end":{"line":17,"column":1}},"line":12}},"branchMap":{"0":{"loc":{"start":{"line":4,"column":2},"end":{"line":6,"column":3}},"type":"if","locations":[{"start":{"line":4,"column":2},"end":{"line":6,"column":3}},{"start":{},"end":{}}],"line":4},"1":{"loc":{"start":{"line":13,"column":2},"end":{"line":15,"column":3}},"type":"if","locations":[{"start":{"line":13,"column":2},"end":{"line":15,"column":3}},{"start":{},"end":{}}],"line":13}},"s":{"0":1,"1":11,"2":2,"3":9,"4":9,"5":9,"6":1,"7":2,"8":1,"9":1},"f":{"0":11,"1":2},"b":{"0":[2,9],"1":[1,1]},"_coverageSchema":"1a1c01bbd47fc00a2c39e90264f33305004495a9","hash":"6a158884327a73cd6789e1b790e044cd3f38cb31"}
,"/Users/npranto/workspace/projects/challenge-of-the-day/src/day13/thirdGreatest/thirdGreatest.js": {"path":"/Users/npranto/workspace/projects/challenge-of-the-day/src/day13/thirdGreatest/thirdGreatest.js","statementMap":{"0":{"start":{"line":1,"column":22},"end":{"line":2,"column":73}},"1":{"start":{"line":2,"column":2},"end":{"line":2,"column":73}},"2":{"start":{"line":2,"column":30},"end":{"line":2,"column":55}}},"fnMap":{"0":{"name":"(anonymous_0)","decl":{"start":{"line":1,"column":22},"end":{"line":1,"column":23}},"loc":{"start":{"line":2,"column":2},"end":{"line":2,"column":73}},"line":2},"1":{"name":"(anonymous_1)","decl":{"start":{"line":2,"column":14},"end":{"line":2,"column":15}},"loc":{"start":{"line":2,"column":30},"end":{"line":2,"column":55}},"line":2}},"branchMap":{},"s":{"0":1,"1":2,"2":10},"f":{"0":2,"1":10},"b":{},"_coverageSchema":"1a1c01bbd47fc00a2c39e90264f33305004495a9","hash":"e5483a5f3b0b16af0fff542acbfb7a8577674b33"}
,"/Users/npranto/workspace/projects/challenge-of-the-day/src/day14/primeMover/primeMover.js": {"path":"/Users/npranto/workspace/projects/challenge-of-the-day/src/day14/primeMover/primeMover.js","statementMap":{"0":{"start":{"line":3,"column":19},"end":{"line":13,"column":1}},"1":{"start":{"line":4,"column":22},"end":{"line":4,"column":23}},"2":{"start":{"line":5,"column":22},"end":{"line":5,"column":23}},"3":{"start":{"line":6,"column":2},"end":{"line":11,"column":3}},"4":{"start":{"line":7,"column":4},"end":{"line":7,"column":23}},"5":{"start":{"line":8,"column":4},"end":{"line":10,"column":5}},"6":{"start":{"line":9,"column":6},"end":{"line":9,"column":25}},"7":{"start":{"line":12,"column":2},"end":{"line":12,"column":23}}},"fnMap":{"0":{"name":"(anonymous_0)","decl":{"start":{"line":3,"column":19},"end":{"line":3,"column":20}},"loc":{"start":{"line":3,"column":33},"end":{"line":13,"column":1}},"line":3}},"branchMap":{"0":{"loc":{"start":{"line":8,"column":4},"end":{"line":10,"column":5}},"type":"if","locations":[{"start":{"line":8,"column":4},"end":{"line":10,"column":5}},{"start":{},"end":{}}],"line":8}},"s":{"0":1,"1":2,"2":2,"3":2,"4":54,"5":54,"6":17,"7":2},"f":{"0":2},"b":{"0":[17,37]},"_coverageSchema":"1a1c01bbd47fc00a2c39e90264f33305004495a9","hash":"c7c4f65c1e917d8e6352083aa54d573e67e3b635"}
,"/Users/npranto/workspace/projects/challenge-of-the-day/src/day14/primeTime/primeTime.js": {"path":"/Users/npranto/workspace/projects/challenge-of-the-day/src/day14/primeTime/primeTime.js","statementMap":{"0":{"start":{"line":1,"column":31},"end":{"line":9,"column":1}},"1":{"start":{"line":2,"column":2},"end":{"line":4,"column":3}},"2":{"start":{"line":3,"column":4},"end":{"line":3,"column":16}},"3":{"start":{"line":5,"column":2},"end":{"line":7,"column":3}},"4":{"start":{"line":6,"column":4},"end":{"line":6,"column":17}},"5":{"start":{"line":8,"column":2},"end":{"line":8,"column":61}},"6":{"start":{"line":11,"column":18},"end":{"line":16,"column":1}},"7":{"start":{"line":12,"column":2},"end":{"line":14,"column":3}},"8":{"start":{"line":13,"column":4},"end":{"line":13,"column":17}},"9":{"start":{"line":15,"column":2},"end":{"line":15,"column":58}}},"fnMap":{"0":{"name":"(anonymous_0)","decl":{"start":{"line":1,"column":31},"end":{"line":1,"column":32}},"loc":{"start":{"line":1,"column":60},"end":{"line":9,"column":1}},"line":1},"1":{"name":"(anonymous_1)","decl":{"start":{"line":11,"column":18},"end":{"line":11,"column":19}},"loc":{"start":{"line":11,"column":27},"end":{"line":16,"column":1}},"line":11}},"branchMap":{"0":{"loc":{"start":{"line":2,"column":2},"end":{"line":4,"column":3}},"type":"if","locations":[{"start":{"line":2,"column":2},"end":{"line":4,"column":3}},{"start":{},"end":{}}],"line":2},"1":{"loc":{"start":{"line":5,"column":2},"end":{"line":7,"column":3}},"type":"if","locations":[{"start":{"line":5,"column":2},"end":{"line":7,"column":3}},{"start":{},"end":{}}],"line":5},"2":{"loc":{"start":{"line":12,"column":2},"end":{"line":14,"column":3}},"type":"if","locations":[{"start":{"line":12,"column":2},"end":{"line":14,"column":3}},{"start":{},"end":{}}],"line":12},"3":{"loc":{"start":{"line":12,"column":6},"end":{"line":12,"column":28}},"type":"binary-expr","locations":[{"start":{"line":12,"column":6},"end":{"line":12,"column":15}},{"start":{"line":12,"column":19},"end":{"line":12,"column":28}}],"line":12}},"s":{"0":2,"1":334,"2":19,"3":315,"4":38,"5":277,"6":2,"7":58,"8":1,"9":57},"f":{"0":334,"1":58},"b":{"0":[19,315],"1":[38,277],"2":[1,57],"3":[58,57]},"_coverageSchema":"1a1c01bbd47fc00a2c39e90264f33305004495a9","hash":"75bd1344d76a1406013f10e9d790d647e3d188a3"}
,"/Users/npranto/workspace/projects/challenge-of-the-day/src/day15/camelCase/camelCase.js": {"path":"/Users/npranto/workspace/projects/challenge-of-the-day/src/day15/camelCase/camelCase.js","statementMap":{"0":{"start":{"line":1,"column":18},"end":{"line":10,"column":13}},"1":{"start":{"line":2,"column":2},"end":{"line":10,"column":13}},"2":{"start":{"line":5,"column":6},"end":{"line":7,"column":7}},"3":{"start":{"line":6,"column":8},"end":{"line":6,"column":53}},"4":{"start":{"line":8,"column":6},"end":{"line":8,"column":51}}},"fnMap":{"0":{"name":"(anonymous_0)","decl":{"start":{"line":1,"column":18},"end":{"line":1,"column":19}},"loc":{"start":{"line":2,"column":2},"end":{"line":10,"column":13}},"line":2},"1":{"name":"(anonymous_1)","decl":{"start":{"line":4,"column":9},"end":{"line":4,"column":10}},"loc":{"start":{"line":4,"column":26},"end":{"line":9,"column":5}},"line":4}},"branchMap":{"0":{"loc":{"start":{"line":5,"column":6},"end":{"line":7,"column":7}},"type":"if","locations":[{"start":{"line":5,"column":6},"end":{"line":7,"column":7}},{"start":{},"end":{}}],"line":5}},"s":{"0":1,"1":2,"2":4,"3":2,"4":2},"f":{"0":2,"1":4},"b":{"0":[2,2]},"_coverageSchema":"1a1c01bbd47fc00a2c39e90264f33305004495a9","hash":"014af597f2d1950e75399d72b28ab5fed2b0cfa6"}
,"/Users/npranto/workspace/projects/challenge-of-the-day/src/day16/divisionStringified/divisionStringified.js": {"path":"/Users/npranto/workspace/projects/challenge-of-the-day/src/day16/divisionStringified/divisionStringified.js","statementMap":{"0":{"start":{"line":2,"column":28},"end":{"line":34,"column":1}},"1":{"start":{"line":3,"column":2},"end":{"line":5,"column":3}},"2":{"start":{"line":4,"column":4},"end":{"line":4,"column":54}},"3":{"start":{"line":7,"column":25},"end":{"line":7,"column":36}},"4":{"start":{"line":8,"column":18},"end":{"line":10,"column":31}},"5":{"start":{"line":12,"column":29},"end":{"line":12,"column":47}},"6":{"start":{"line":14,"column":2},"end":{"line":33,"column":14}},"7":{"start":{"line":19,"column":8},"end":{"line":22,"column":9}},"8":{"start":{"line":20,"column":10},"end":{"line":20,"column":42}},"9":{"start":{"line":21,"column":10},"end":{"line":21,"column":28}},"10":{"start":{"line":23,"column":8},"end":{"line":23,"column":41}},"11":{"start":{"line":24,"column":8},"end":{"line":24,"column":27}},"12":{"start":{"line":25,"column":8},"end":{"line":25,"column":21}}},"fnMap":{"0":{"name":"(anonymous_0)","decl":{"start":{"line":2,"column":28},"end":{"line":2,"column":29}},"loc":{"start":{"line":2,"column":44},"end":{"line":34,"column":1}},"line":2},"1":{"name":"(anonymous_1)","decl":{"start":{"line":18,"column":6},"end":{"line":18,"column":7}},"loc":{"start":{"line":18,"column":23},"end":{"line":26,"column":7}},"line":18}},"branchMap":{"0":{"loc":{"start":{"line":3,"column":2},"end":{"line":5,"column":3}},"type":"if","locations":[{"start":{"line":3,"column":2},"end":{"line":5,"column":3}},{"start":{},"end":{}}],"line":3},"1":{"loc":{"start":{"line":3,"column":6},"end":{"line":3,"column":58}},"type":"binary-expr","locations":[{"start":{"line":3,"column":6},"end":{"line":3,"column":30}},{"start":{"line":3,"column":34},"end":{"line":3,"column":58}}],"line":3},"2":{"loc":{"start":{"line":8,"column":18},"end":{"line":10,"column":31}},"type":"cond-expr","locations":[{"start":{"line":9,"column":6},"end":{"line":9,"column":32}},{"start":{"line":10,"column":6},"end":{"line":10,"column":31}}],"line":8},"3":{"loc":{"start":{"line":19,"column":8},"end":{"line":22,"column":9}},"type":"if","locations":[{"start":{"line":19,"column":8},"end":{"line":22,"column":9}},{"start":{},"end":{}}],"line":19}},"s":{"0":1,"1":3,"2":1,"3":2,"4":2,"5":2,"6":2,"7":8,"8":1,"9":1,"10":8,"11":8,"12":8},"f":{"0":3,"1":8},"b":{"0":[1,2],"1":[3,2],"2":[1,1],"3":[1,7]},"_coverageSchema":"1a1c01bbd47fc00a2c39e90264f33305004495a9","hash":"1a328267ee8147d83e28cb4b72ea01466b49a12e"}
,"/Users/npranto/workspace/projects/challenge-of-the-day/src/day17/formatTime/formatTime.js": {"path":"/Users/npranto/workspace/projects/challenge-of-the-day/src/day17/formatTime/formatTime.js","statementMap":{"0":{"start":{"line":1,"column":19},"end":{"line":1,"column":67}},"1":{"start":{"line":1,"column":29},"end":{"line":1,"column":66}}},"fnMap":{"0":{"name":"(anonymous_0)","decl":{"start":{"line":1,"column":19},"end":{"line":1,"column":20}},"loc":{"start":{"line":1,"column":29},"end":{"line":1,"column":66}},"line":1}},"branchMap":{"0":{"loc":{"start":{"line":1,"column":29},"end":{"line":1,"column":66}},"type":"cond-expr","locations":[{"start":{"line":1,"column":40},"end":{"line":1,"column":49}},{"start":{"line":1,"column":52},"end":{"line":1,"column":66}}],"line":1}},"s":{"0":1,"1":4},"f":{"0":4},"b":{"0":[2,2]},"_coverageSchema":"1a1c01bbd47fc00a2c39e90264f33305004495a9","hash":"dde9ee73ba831abd91b868a3e11e7ddc34f5735d"}
,"/Users/npranto/workspace/projects/challenge-of-the-day/src/day17/kaprekarsConstant/kaprekarsConstant.js": {"path":"/Users/npranto/workspace/projects/challenge-of-the-day/src/day17/kaprekarsConstant/kaprekarsConstant.js","statementMap":{"0":{"start":{"line":4,"column":26},"end":{"line":41,"column":1}},"1":{"start":{"line":5,"column":22},"end":{"line":13,"column":5}},"2":{"start":{"line":6,"column":4},"end":{"line":13,"column":5}},"3":{"start":{"line":10,"column":23},"end":{"line":10,"column":37}},"4":{"start":{"line":15,"column":26},"end":{"line":23,"column":3}},"5":{"start":{"line":16,"column":26},"end":{"line":16,"column":40}},"6":{"start":{"line":17,"column":4},"end":{"line":21,"column":5}},"7":{"start":{"line":18,"column":6},"end":{"line":20,"column":7}},"8":{"start":{"line":19,"column":8},"end":{"line":19,"column":31}},"9":{"start":{"line":22,"column":4},"end":{"line":22,"column":37}},"10":{"start":{"line":25,"column":17},"end":{"line":25,"column":21}},"11":{"start":{"line":26,"column":22},"end":{"line":26,"column":27}},"12":{"start":{"line":27,"column":17},"end":{"line":27,"column":18}},"13":{"start":{"line":29,"column":2},"end":{"line":38,"column":3}},"14":{"start":{"line":30,"column":29},"end":{"line":30,"column":62}},"15":{"start":{"line":30,"column":56},"end":{"line":30,"column":61}},"16":{"start":{"line":31,"column":28},"end":{"line":31,"column":61}},"17":{"start":{"line":31,"column":55},"end":{"line":31,"column":60}},"18":{"start":{"line":32,"column":4},"end":{"line":36,"column":5}},"19":{"start":{"line":33,"column":6},"end":{"line":33,"column":27}},"20":{"start":{"line":35,"column":6},"end":{"line":35,"column":64}},"21":{"start":{"line":37,"column":4},"end":{"line":37,"column":18}},"22":{"start":{"line":40,"column":2},"end":{"line":40,"column":18}}},"fnMap":{"0":{"name":"(anonymous_0)","decl":{"start":{"line":4,"column":26},"end":{"line":4,"column":27}},"loc":{"start":{"line":4,"column":35},"end":{"line":41,"column":1}},"line":4},"1":{"name":"(anonymous_1)","decl":{"start":{"line":5,"column":22},"end":{"line":5,"column":23}},"loc":{"start":{"line":6,"column":4},"end":{"line":13,"column":5}},"line":6},"2":{"name":"(anonymous_2)","decl":{"start":{"line":10,"column":13},"end":{"line":10,"column":14}},"loc":{"start":{"line":10,"column":23},"end":{"line":10,"column":37}},"line":10},"3":{"name":"(anonymous_3)","decl":{"start":{"line":15,"column":26},"end":{"line":15,"column":27}},"loc":{"start":{"line":15,"column":35},"end":{"line":23,"column":3}},"line":15},"4":{"name":"(anonymous_4)","decl":{"start":{"line":30,"column":46},"end":{"line":30,"column":47}},"loc":{"start":{"line":30,"column":56},"end":{"line":30,"column":61}},"line":30},"5":{"name":"(anonymous_5)","decl":{"start":{"line":31,"column":45},"end":{"line":31,"column":46}},"loc":{"start":{"line":31,"column":55},"end":{"line":31,"column":60}},"line":31}},"branchMap":{"0":{"loc":{"start":{"line":17,"column":4},"end":{"line":21,"column":5}},"type":"if","locations":[{"start":{"line":17,"column":4},"end":{"line":21,"column":5}},{"start":{},"end":{}}],"line":17},"1":{"loc":{"start":{"line":32,"column":4},"end":{"line":36,"column":5}},"type":"if","locations":[{"start":{"line":32,"column":4},"end":{"line":36,"column":5}},{"start":{"line":34,"column":11},"end":{"line":36,"column":5}}],"line":32}},"s":{"0":1,"1":2,"2":24,"3":96,"4":2,"5":10,"6":10,"7":1,"8":1,"9":10,"10":2,"11":2,"12":2,"13":2,"14":12,"15":54,"16":12,"17":56,"18":12,"19":2,"20":10,"21":12,"22":2},"f":{"0":2,"1":24,"2":96,"3":10,"4":54,"5":56},"b":{"0":[1,9],"1":[2,10]},"_coverageSchema":"1a1c01bbd47fc00a2c39e90264f33305004495a9","hash":"0822ed24561a55d6f832392657ee9ca44e2442cf"}
,"/Users/npranto/workspace/projects/challenge-of-the-day/src/day17/removePunctuationFromWord/removePunctuationFromWord.js": {"path":"/Users/npranto/workspace/projects/challenge-of-the-day/src/day17/removePunctuationFromWord/removePunctuationFromWord.js","statementMap":{"0":{"start":{"line":1,"column":34},"end":{"line":7,"column":1}},"1":{"start":{"line":2,"column":46},"end":{"line":2,"column":64}},"2":{"start":{"line":3,"column":16},"end":{"line":3,"column":41}},"3":{"start":{"line":4,"column":2},"end":{"line":6,"column":14}},"4":{"start":{"line":5,"column":22},"end":{"line":5,"column":68}}},"fnMap":{"0":{"name":"(anonymous_0)","decl":{"start":{"line":1,"column":34},"end":{"line":1,"column":35}},"loc":{"start":{"line":1,"column":44},"end":{"line":7,"column":1}},"line":1},"1":{"name":"(anonymous_1)","decl":{"start":{"line":5,"column":12},"end":{"line":5,"column":13}},"loc":{"start":{"line":5,"column":22},"end":{"line":5,"column":68}},"line":5}},"branchMap":{},"s":{"0":1,"1":5,"2":5,"3":5,"4":58},"f":{"0":5,"1":58},"b":{},"_coverageSchema":"1a1c01bbd47fc00a2c39e90264f33305004495a9","hash":"f2d1c16451627f601574849eccd1ad23938415b9"}
,"/Users/npranto/workspace/projects/challenge-of-the-day/src/day18/numberAddition/numberAddition.js": {"path":"/Users/npranto/workspace/projects/challenge-of-the-day/src/day18/numberAddition/numberAddition.js","statementMap":{"0":{"start":{"line":4,"column":23},"end":{"line":12,"column":1}},"1":{"start":{"line":5,"column":24},"end":{"line":5,"column":41}},"2":{"start":{"line":6,"column":2},"end":{"line":11,"column":8}},"3":{"start":{"line":8,"column":29},"end":{"line":8,"column":57}}},"fnMap":{"0":{"name":"(anonymous_0)","decl":{"start":{"line":4,"column":23},"end":{"line":4,"column":24}},"loc":{"start":{"line":4,"column":32},"end":{"line":12,"column":1}},"line":4},"1":{"name":"(anonymous_1)","decl":{"start":{"line":8,"column":6},"end":{"line":8,"column":7}},"loc":{"start":{"line":8,"column":29},"end":{"line":8,"column":57}},"line":8}},"branchMap":{"0":{"loc":{"start":{"line":6,"column":9},"end":{"line":11,"column":7}},"type":"cond-expr","locations":[{"start":{"line":7,"column":6},"end":{"line":10,"column":5}},{"start":{"line":11,"column":6},"end":{"line":11,"column":7}}],"line":6}},"s":{"0":1,"1":3,"2":3,"3":5},"f":{"0":3,"1":5},"b":{"0":[3,0]},"_coverageSchema":"1a1c01bbd47fc00a2c39e90264f33305004495a9","hash":"61c888f55bda06f6fd7311fd3231ab21084cca9d"}
,"/Users/npranto/workspace/projects/challenge-of-the-day/src/day18/swapCase/swapCase.js": {"path":"/Users/npranto/workspace/projects/challenge-of-the-day/src/day18/swapCase/swapCase.js","statementMap":{"0":{"start":{"line":4,"column":17},"end":{"line":13,"column":13}},"1":{"start":{"line":5,"column":2},"end":{"line":13,"column":13}},"2":{"start":{"line":8,"column":7},"end":{"line":12,"column":14}}},"fnMap":{"0":{"name":"(anonymous_0)","decl":{"start":{"line":4,"column":17},"end":{"line":4,"column":18}},"loc":{"start":{"line":5,"column":2},"end":{"line":13,"column":13}},"line":5},"1":{"name":"(anonymous_1)","decl":{"start":{"line":7,"column":9},"end":{"line":7,"column":10}},"loc":{"start":{"line":8,"column":7},"end":{"line":12,"column":14}},"line":8}},"branchMap":{"0":{"loc":{"start":{"line":8,"column":7},"end":{"line":12,"column":14}},"type":"cond-expr","locations":[{"start":{"line":9,"column":10},"end":{"line":11,"column":30}},{"start":{"line":12,"column":10},"end":{"line":12,"column":14}}],"line":8},"1":{"loc":{"start":{"line":9,"column":10},"end":{"line":11,"column":30}},"type":"cond-expr","locations":[{"start":{"line":10,"column":12},"end":{"line":10,"column":30}},{"start":{"line":11,"column":12},"end":{"line":11,"column":30}}],"line":9}},"s":{"0":1,"1":3,"2":118},"f":{"0":3,"1":118},"b":{"0":[90,28],"1":[18,72]},"_coverageSchema":"1a1c01bbd47fc00a2c39e90264f33305004495a9","hash":"0316003dd573ce797a1a4e4e88eb2cbd3313a15c"}
,"/Users/npranto/workspace/projects/challenge-of-the-day/src/day19/evenFibonacciNumbers/evenFibonacciNumbers.js": {"path":"/Users/npranto/workspace/projects/challenge-of-the-day/src/day19/evenFibonacciNumbers/evenFibonacciNumbers.js","statementMap":{"0":{"start":{"line":3,"column":29},"end":{"line":19,"column":1}},"1":{"start":{"line":4,"column":16},"end":{"line":4,"column":23}},"2":{"start":{"line":6,"column":17},"end":{"line":6,"column":39}},"3":{"start":{"line":8,"column":2},"end":{"line":16,"column":3}},"4":{"start":{"line":10,"column":4},"end":{"line":13,"column":5}},"5":{"start":{"line":12,"column":6},"end":{"line":12,"column":28}},"6":{"start":{"line":15,"column":4},"end":{"line":15,"column":62}},"7":{"start":{"line":18,"column":2},"end":{"line":18,"column":61}},"8":{"start":{"line":18,"column":43},"end":{"line":18,"column":56}}},"fnMap":{"0":{"name":"(anonymous_0)","decl":{"start":{"line":3,"column":29},"end":{"line":3,"column":30}},"loc":{"start":{"line":3,"column":79},"end":{"line":19,"column":1}},"line":3},"1":{"name":"(anonymous_1)","decl":{"start":{"line":18,"column":25},"end":{"line":18,"column":26}},"loc":{"start":{"line":18,"column":43},"end":{"line":18,"column":56}},"line":18}},"branchMap":{"0":{"loc":{"start":{"line":3,"column":30},"end":{"line":3,"column":43}},"type":"default-arg","locations":[{"start":{"line":3,"column":42},"end":{"line":3,"column":43}}],"line":3},"1":{"loc":{"start":{"line":3,"column":45},"end":{"line":3,"column":59}},"type":"default-arg","locations":[{"start":{"line":3,"column":58},"end":{"line":3,"column":59}}],"line":3},"2":{"loc":{"start":{"line":3,"column":61},"end":{"line":3,"column":74}},"type":"default-arg","locations":[{"start":{"line":3,"column":72},"end":{"line":3,"column":74}}],"line":3},"3":{"loc":{"start":{"line":8,"column":2},"end":{"line":16,"column":3}},"type":"if","locations":[{"start":{"line":8,"column":2},"end":{"line":16,"column":3}},{"start":{},"end":{}}],"line":8},"4":{"loc":{"start":{"line":10,"column":4},"end":{"line":13,"column":5}},"type":"if","locations":[{"start":{"line":10,"column":4},"end":{"line":13,"column":5}},{"start":{},"end":{}}],"line":10}},"s":{"0":1,"1":31,"2":31,"3":31,"4":30,"5":10,"6":30,"7":1,"8":10},"f":{"0":31,"1":10},"b":{"0":[1],"1":[1],"2":[1],"3":[30,1],"4":[10,20]},"_coverageSchema":"1a1c01bbd47fc00a2c39e90264f33305004495a9","hash":"82c9910e2550dd266bc33a495bbd9e3f3279dcce"}
,"/Users/npranto/workspace/projects/challenge-of-the-day/src/day19/multiplesOfThreeAndFive/multiplesOfThreeAndFive.js": {"path":"/Users/npranto/workspace/projects/challenge-of-the-day/src/day19/multiplesOfThreeAndFive/multiplesOfThreeAndFive.js","statementMap":{"0":{"start":{"line":3,"column":37},"end":{"line":21,"column":1}},"1":{"start":{"line":4,"column":23},"end":{"line":4,"column":25}},"2":{"start":{"line":5,"column":16},"end":{"line":5,"column":17}},"3":{"start":{"line":7,"column":2},"end":{"line":15,"column":3}},"4":{"start":{"line":8,"column":4},"end":{"line":10,"column":5}},"5":{"start":{"line":9,"column":6},"end":{"line":9,"column":35}},"6":{"start":{"line":11,"column":4},"end":{"line":13,"column":5}},"7":{"start":{"line":12,"column":6},"end":{"line":12,"column":35}},"8":{"start":{"line":14,"column":4},"end":{"line":14,"column":14}},"9":{"start":{"line":17,"column":2},"end":{"line":20,"column":4}},"10":{"start":{"line":18,"column":27},"end":{"line":18,"column":55}}},"fnMap":{"0":{"name":"(anonymous_0)","decl":{"start":{"line":3,"column":37},"end":{"line":3,"column":38}},"loc":{"start":{"line":3,"column":48},"end":{"line":21,"column":1}},"line":3},"1":{"name":"(anonymous_1)","decl":{"start":{"line":18,"column":4},"end":{"line":18,"column":5}},"loc":{"start":{"line":18,"column":27},"end":{"line":18,"column":55}},"line":18}},"branchMap":{"0":{"loc":{"start":{"line":8,"column":4},"end":{"line":10,"column":5}},"type":"if","locations":[{"start":{"line":8,"column":4},"end":{"line":10,"column":5}},{"start":{},"end":{}}],"line":8},"1":{"loc":{"start":{"line":8,"column":8},"end":{"line":8,"column":51}},"type":"binary-expr","locations":[{"start":{"line":8,"column":8},"end":{"line":8,"column":25}},{"start":{"line":8,"column":29},"end":{"line":8,"column":51}}],"line":8},"2":{"loc":{"start":{"line":11,"column":4},"end":{"line":13,"column":5}},"type":"if","locations":[{"start":{"line":11,"column":4},"end":{"line":13,"column":5}},{"start":{},"end":{}}],"line":11},"3":{"loc":{"start":{"line":11,"column":8},"end":{"line":11,"column":51}},"type":"binary-expr","locations":[{"start":{"line":11,"column":8},"end":{"line":11,"column":25}},{"start":{"line":11,"column":29},"end":{"line":11,"column":51}}],"line":11}},"s":{"0":1,"1":2,"2":2,"3":2,"4":1008,"5":336,"6":1008,"7":134,"8":1008,"9":2,"10":470},"f":{"0":2,"1":470},"b":{"0":[336,672],"1":[1008,336],"2":[134,874],"3":[1008,200]},"_coverageSchema":"1a1c01bbd47fc00a2c39e90264f33305004495a9","hash":"ff604ed88a068e591da5a50b6ab7bc770585830c"}
,"/Users/npranto/workspace/projects/challenge-of-the-day/src/day2/firstFactorial/firstFactorial.js": {"path":"/Users/npranto/workspace/projects/challenge-of-the-day/src/day2/firstFactorial/firstFactorial.js","statementMap":{"0":{"start":{"line":1,"column":19},"end":{"line":1,"column":41}},"1":{"start":{"line":1,"column":28},"end":{"line":1,"column":41}},"2":{"start":{"line":3,"column":23},"end":{"line":14,"column":1}},"3":{"start":{"line":4,"column":2},"end":{"line":12,"column":3}},"4":{"start":{"line":5,"column":4},"end":{"line":7,"column":5}},"5":{"start":{"line":6,"column":6},"end":{"line":6,"column":15}},"6":{"start":{"line":8,"column":4},"end":{"line":10,"column":5}},"7":{"start":{"line":9,"column":6},"end":{"line":9,"column":17}},"8":{"start":{"line":11,"column":4},"end":{"line":11,"column":41}},"9":{"start":{"line":13,"column":2},"end":{"line":13,"column":14}}},"fnMap":{"0":{"name":"(anonymous_0)","decl":{"start":{"line":1,"column":19},"end":{"line":1,"column":20}},"loc":{"start":{"line":1,"column":28},"end":{"line":1,"column":41}},"line":1},"1":{"name":"(anonymous_1)","decl":{"start":{"line":3,"column":23},"end":{"line":3,"column":24}},"loc":{"start":{"line":3,"column":32},"end":{"line":14,"column":1}},"line":3}},"branchMap":{"0":{"loc":{"start":{"line":4,"column":2},"end":{"line":12,"column":3}},"type":"if","locations":[{"start":{"line":4,"column":2},"end":{"line":12,"column":3}},{"start":{},"end":{}}],"line":4},"1":{"loc":{"start":{"line":4,"column":6},"end":{"line":4,"column":46}},"type":"binary-expr","locations":[{"start":{"line":4,"column":6},"end":{"line":4,"column":27}},{"start":{"line":4,"column":31},"end":{"line":4,"column":46}}],"line":4},"2":{"loc":{"start":{"line":5,"column":4},"end":{"line":7,"column":5}},"type":"if","locations":[{"start":{"line":5,"column":4},"end":{"line":7,"column":5}},{"start":{},"end":{}}],"line":5},"3":{"loc":{"start":{"line":8,"column":4},"end":{"line":10,"column":5}},"type":"if","locations":[{"start":{"line":8,"column":4},"end":{"line":10,"column":5}},{"start":{},"end":{}}],"line":8}},"s":{"0":1,"1":10,"2":1,"3":13,"4":10,"5":1,"6":9,"7":2,"8":7,"9":3},"f":{"0":10,"1":13},"b":{"0":[10,3],"1":[13,10],"2":[1,9],"3":[2,7]},"_coverageSchema":"1a1c01bbd47fc00a2c39e90264f33305004495a9","hash":"09cf39348bcd70f997dc58e4f94b6e52e43d9665"}
,"/Users/npranto/workspace/projects/challenge-of-the-day/src/day20/isFactor/isFactor.js": {"path":"/Users/npranto/workspace/projects/challenge-of-the-day/src/day20/isFactor/isFactor.js","statementMap":{"0":{"start":{"line":1,"column":17},"end":{"line":4,"column":37}},"1":{"start":{"line":2,"column":2},"end":{"line":4,"column":37}}},"fnMap":{"0":{"name":"(anonymous_0)","decl":{"start":{"line":1,"column":17},"end":{"line":1,"column":18}},"loc":{"start":{"line":2,"column":2},"end":{"line":4,"column":37}},"line":2}},"branchMap":{"0":{"loc":{"start":{"line":2,"column":2},"end":{"line":4,"column":37}},"type":"binary-expr","locations":[{"start":{"line":2,"column":2},"end":{"line":2,"column":37}},{"start":{"line":3,"column":5},"end":{"line":3,"column":33}},{"start":{"line":4,"column":5},"end":{"line":4,"column":37}}],"line":2}},"s":{"0":2,"1":6571},"f":{"0":6571},"b":{"0":[6571,6571,6571]},"_coverageSchema":"1a1c01bbd47fc00a2c39e90264f33305004495a9","hash":"aef7491387414f79cd3e2b48987e96f2b387ad88"}
,"/Users/npranto/workspace/projects/challenge-of-the-day/src/day20/isPrime/isPrime.js": {"path":"/Users/npranto/workspace/projects/challenge-of-the-day/src/day20/isPrime/isPrime.js","statementMap":{"0":{"start":{"line":2,"column":16},"end":{"line":11,"column":1}},"1":{"start":{"line":3,"column":27},"end":{"line":3,"column":48}},"2":{"start":{"line":4,"column":2},"end":{"line":9,"column":3}},"3":{"start":{"line":5,"column":4},"end":{"line":7,"column":5}},"4":{"start":{"line":6,"column":6},"end":{"line":6,"column":19}},"5":{"start":{"line":8,"column":4},"end":{"line":8,"column":25}},"6":{"start":{"line":10,"column":2},"end":{"line":10,"column":14}}},"fnMap":{"0":{"name":"(anonymous_0)","decl":{"start":{"line":2,"column":16},"end":{"line":2,"column":17}},"loc":{"start":{"line":2,"column":27},"end":{"line":11,"column":1}},"line":2}},"branchMap":{"0":{"loc":{"start":{"line":5,"column":4},"end":{"line":7,"column":5}},"type":"if","locations":[{"start":{"line":5,"column":4},"end":{"line":7,"column":5}},{"start":{},"end":{}}],"line":5}},"s":{"0":2,"1":14,"2":14,"3":2312,"4":11,"5":2301,"6":3},"f":{"0":14},"b":{"0":[11,2301]},"_coverageSchema":"1a1c01bbd47fc00a2c39e90264f33305004495a9","hash":"8fe6e053d15c79818c70660b2e246399d5a525fb"}
,"/Users/npranto/workspace/projects/challenge-of-the-day/src/day20/largestPrimeFactor/largestPrimeFactor.js": {"path":"/Users/npranto/workspace/projects/challenge-of-the-day/src/day20/largestPrimeFactor/largestPrimeFactor.js","statementMap":{"0":{"start":{"line":4,"column":27},"end":{"line":13,"column":1}},"1":{"start":{"line":5,"column":23},"end":{"line":5,"column":44}},"2":{"start":{"line":6,"column":2},"end":{"line":11,"column":3}},"3":{"start":{"line":7,"column":4},"end":{"line":9,"column":5}},"4":{"start":{"line":8,"column":6},"end":{"line":8,"column":28}},"5":{"start":{"line":10,"column":4},"end":{"line":10,"column":24}},"6":{"start":{"line":12,"column":2},"end":{"line":12,"column":24}}},"fnMap":{"0":{"name":"(anonymous_0)","decl":{"start":{"line":4,"column":27},"end":{"line":4,"column":28}},"loc":{"start":{"line":4,"column":38},"end":{"line":13,"column":1}},"line":4}},"branchMap":{"0":{"loc":{"start":{"line":7,"column":4},"end":{"line":9,"column":5}},"type":"if","locations":[{"start":{"line":7,"column":4},"end":{"line":9,"column":5}},{"start":{},"end":{}}],"line":7},"1":{"loc":{"start":{"line":7,"column":8},"end":{"line":7,"column":66}},"type":"binary-expr","locations":[{"start":{"line":7,"column":8},"end":{"line":7,"column":39}},{"start":{"line":7,"column":43},"end":{"line":7,"column":66}}],"line":7}},"s":{"0":1,"1":1,"2":1,"3":6569,"4":1,"5":6568,"6":0},"f":{"0":1},"b":{"0":[1,6568],"1":[6569,11]},"_coverageSchema":"1a1c01bbd47fc00a2c39e90264f33305004495a9","hash":"2d882cdfafef1b0c12b29dedab43a630f286ab71"}
,"/Users/npranto/workspace/projects/challenge-of-the-day/src/day21/evenFibonacci/evenFibonacci.js": {"path":"/Users/npranto/workspace/projects/challenge-of-the-day/src/day21/evenFibonacci/evenFibonacci.js","statementMap":{"0":{"start":{"line":1,"column":22},"end":{"line":19,"column":1}},"1":{"start":{"line":2,"column":18},"end":{"line":2,"column":24}},"2":{"start":{"line":5,"column":17},"end":{"line":5,"column":39}},"3":{"start":{"line":5,"column":26},"end":{"line":5,"column":39}},"4":{"start":{"line":8,"column":2},"end":{"line":10,"column":3}},"5":{"start":{"line":9,"column":4},"end":{"line":9,"column":76}},"6":{"start":{"line":13,"column":19},"end":{"line":13,"column":55}},"7":{"start":{"line":13,"column":43},"end":{"line":13,"column":54}},"8":{"start":{"line":16,"column":24},"end":{"line":16,"column":71}},"9":{"start":{"line":16,"column":56},"end":{"line":16,"column":67}},"10":{"start":{"line":18,"column":2},"end":{"line":18,"column":23}}},"fnMap":{"0":{"name":"(anonymous_0)","decl":{"start":{"line":1,"column":22},"end":{"line":1,"column":23}},"loc":{"start":{"line":1,"column":43},"end":{"line":19,"column":1}},"line":1},"1":{"name":"(anonymous_1)","decl":{"start":{"line":5,"column":17},"end":{"line":5,"column":18}},"loc":{"start":{"line":5,"column":26},"end":{"line":5,"column":39}},"line":5},"2":{"name":"(anonymous_2)","decl":{"start":{"line":13,"column":34},"end":{"line":13,"column":35}},"loc":{"start":{"line":13,"column":43},"end":{"line":13,"column":54}},"line":13},"3":{"name":"(anonymous_3)","decl":{"start":{"line":16,"column":40},"end":{"line":16,"column":41}},"loc":{"start":{"line":16,"column":56},"end":{"line":16,"column":67}},"line":16}},"branchMap":{"0":{"loc":{"start":{"line":1,"column":23},"end":{"line":1,"column":38}},"type":"default-arg","locations":[{"start":{"line":1,"column":31},"end":{"line":1,"column":38}}],"line":1}},"s":{"0":1,"1":4,"2":4,"3":57,"4":4,"5":49,"6":4,"7":57,"8":4,"9":18,"10":4},"f":{"0":4,"1":57,"2":57,"3":18},"b":{"0":[0]},"_coverageSchema":"1a1c01bbd47fc00a2c39e90264f33305004495a9","hash":"056410c1d72ea85165d7ef6937b92e29c095d9f5"}
,"/Users/npranto/workspace/projects/challenge-of-the-day/src/day21/largestPalindromeProduct/largestPalindromeProduct.js": {"path":"/Users/npranto/workspace/projects/challenge-of-the-day/src/day21/largestPalindromeProduct/largestPalindromeProduct.js","statementMap":{"0":{"start":{"line":6,"column":33},"end":{"line":27,"column":1}},"1":{"start":{"line":10,"column":23},"end":{"line":10,"column":75}},"2":{"start":{"line":10,"column":43},"end":{"line":10,"column":75}},"3":{"start":{"line":11,"column":23},"end":{"line":12,"column":72}},"4":{"start":{"line":12,"column":4},"end":{"line":12,"column":72}},"5":{"start":{"line":14,"column":20},"end":{"line":14,"column":48}},"6":{"start":{"line":15,"column":22},"end":{"line":15,"column":24}},"7":{"start":{"line":16,"column":2},"end":{"line":20,"column":3}},"8":{"start":{"line":16,"column":15},"end":{"line":16,"column":24}},"9":{"start":{"line":17,"column":4},"end":{"line":19,"column":5}},"10":{"start":{"line":17,"column":17},"end":{"line":17,"column":26}},"11":{"start":{"line":18,"column":6},"end":{"line":18,"column":30}},"12":{"start":{"line":22,"column":32},"end":{"line":24,"column":3}},"13":{"start":{"line":23,"column":4},"end":{"line":23,"column":30}},"14":{"start":{"line":26,"column":2},"end":{"line":26,"column":44}}},"fnMap":{"0":{"name":"(anonymous_0)","decl":{"start":{"line":6,"column":33},"end":{"line":6,"column":34}},"loc":{"start":{"line":6,"column":53},"end":{"line":27,"column":1}},"line":6},"1":{"name":"(anonymous_1)","decl":{"start":{"line":10,"column":23},"end":{"line":10,"column":24}},"loc":{"start":{"line":10,"column":43},"end":{"line":10,"column":75}},"line":10},"2":{"name":"(anonymous_2)","decl":{"start":{"line":11,"column":23},"end":{"line":11,"column":24}},"loc":{"start":{"line":12,"column":4},"end":{"line":12,"column":72}},"line":12},"3":{"name":"(anonymous_3)","decl":{"start":{"line":22,"column":51},"end":{"line":22,"column":52}},"loc":{"start":{"line":23,"column":4},"end":{"line":23,"column":30}},"line":23}},"branchMap":{},"s":{"0":1,"1":2,"2":2,"3":2,"4":1007802,"5":2,"6":2,"7":2,"8":2,"9":1098,"10":1098,"11":1007802,"12":2,"13":1007802,"14":2},"f":{"0":2,"1":2,"2":1007802,"3":1007802},"b":{},"_coverageSchema":"1a1c01bbd47fc00a2c39e90264f33305004495a9","hash":"4c4f2bb3635d01930a7f69b98e0af1b048851df1"}
,"/Users/npranto/workspace/projects/challenge-of-the-day/src/day21/largestPrimeFactor/largestPrimeFactor.js": {"path":"/Users/npranto/workspace/projects/challenge-of-the-day/src/day21/largestPrimeFactor/largestPrimeFactor.js","statementMap":{"0":{"start":{"line":3,"column":27},"end":{"line":47,"column":1}},"1":{"start":{"line":5,"column":22},"end":{"line":18,"column":3}},"2":{"start":{"line":6,"column":23},"end":{"line":6,"column":25}},"3":{"start":{"line":8,"column":4},"end":{"line":12,"column":5}},"4":{"start":{"line":8,"column":17},"end":{"line":8,"column":18}},"5":{"start":{"line":9,"column":6},"end":{"line":11,"column":7}},"6":{"start":{"line":10,"column":8},"end":{"line":10,"column":27}},"7":{"start":{"line":14,"column":4},"end":{"line":16,"column":5}},"8":{"start":{"line":15,"column":6},"end":{"line":15,"column":24}},"9":{"start":{"line":17,"column":4},"end":{"line":17,"column":32}},"10":{"start":{"line":21,"column":18},"end":{"line":37,"column":3}},"11":{"start":{"line":23,"column":19},"end":{"line":23,"column":37}},"12":{"start":{"line":23,"column":26},"end":{"line":23,"column":37}},"13":{"start":{"line":26,"column":4},"end":{"line":26,"column":30}},"14":{"start":{"line":26,"column":18},"end":{"line":26,"column":30}},"15":{"start":{"line":29,"column":4},"end":{"line":29,"column":34}},"16":{"start":{"line":29,"column":21},"end":{"line":29,"column":34}},"17":{"start":{"line":31,"column":12},"end":{"line":31,"column":13}},"18":{"start":{"line":32,"column":4},"end":{"line":35,"column":5}},"19":{"start":{"line":33,"column":6},"end":{"line":33,"column":38}},"20":{"start":{"line":33,"column":25},"end":{"line":33,"column":38}},"21":{"start":{"line":34,"column":6},"end":{"line":34,"column":13}},"22":{"start":{"line":36,"column":4},"end":{"line":36,"column":16}},"23":{"start":{"line":40,"column":18},"end":{"line":40,"column":34}},"24":{"start":{"line":42,"column":22},"end":{"line":42,"column":51}},"25":{"start":{"line":42,"column":45},"end":{"line":42,"column":50}},"26":{"start":{"line":44,"column":23},"end":{"line":44,"column":68}},"27":{"start":{"line":44,"column":52},"end":{"line":44,"column":67}},"28":{"start":{"line":46,"column":2},"end":{"line":46,"column":22}}},"fnMap":{"0":{"name":"(anonymous_0)","decl":{"start":{"line":3,"column":27},"end":{"line":3,"column":28}},"loc":{"start":{"line":3,"column":36},"end":{"line":47,"column":1}},"line":3},"1":{"name":"(anonymous_1)","decl":{"start":{"line":5,"column":22},"end":{"line":5,"column":23}},"loc":{"start":{"line":5,"column":31},"end":{"line":18,"column":3}},"line":5},"2":{"name":"(anonymous_2)","decl":{"start":{"line":21,"column":18},"end":{"line":21,"column":19}},"loc":{"start":{"line":21,"column":27},"end":{"line":37,"column":3}},"line":21},"3":{"name":"(anonymous_3)","decl":{"start":{"line":23,"column":19},"end":{"line":23,"column":20}},"loc":{"start":{"line":23,"column":26},"end":{"line":23,"column":37}},"line":23},"4":{"name":"(anonymous_4)","decl":{"start":{"line":42,"column":35},"end":{"line":42,"column":36}},"loc":{"start":{"line":42,"column":45},"end":{"line":42,"column":50}},"line":42},"5":{"name":"(anonymous_5)","decl":{"start":{"line":44,"column":40},"end":{"line":44,"column":41}},"loc":{"start":{"line":44,"column":52},"end":{"line":44,"column":67}},"line":44}},"branchMap":{"0":{"loc":{"start":{"line":9,"column":6},"end":{"line":11,"column":7}},"type":"if","locations":[{"start":{"line":9,"column":6},"end":{"line":11,"column":7}},{"start":{},"end":{}}],"line":9},"1":{"loc":{"start":{"line":14,"column":4},"end":{"line":16,"column":5}},"type":"if","locations":[{"start":{"line":14,"column":4},"end":{"line":16,"column":5}},{"start":{},"end":{}}],"line":14},"2":{"loc":{"start":{"line":14,"column":8},"end":{"line":14,"column":56}},"type":"binary-expr","locations":[{"start":{"line":14,"column":8},"end":{"line":14,"column":31}},{"start":{"line":14,"column":35},"end":{"line":14,"column":56}}],"line":14},"3":{"loc":{"start":{"line":26,"column":4},"end":{"line":26,"column":30}},"type":"if","locations":[{"start":{"line":26,"column":4},"end":{"line":26,"column":30}},{"start":{},"end":{}}],"line":26},"4":{"loc":{"start":{"line":29,"column":4},"end":{"line":29,"column":34}},"type":"if","locations":[{"start":{"line":29,"column":4},"end":{"line":29,"column":34}},{"start":{},"end":{}}],"line":29},"5":{"loc":{"start":{"line":33,"column":6},"end":{"line":33,"column":38}},"type":"if","locations":[{"start":{"line":33,"column":6},"end":{"line":33,"column":38}},{"start":{},"end":{}}],"line":33}},"s":{"0":1,"1":5,"2":5,"3":5,"4":5,"5":6608,"6":19,"7":5,"8":0,"9":5,"10":5,"11":16,"12":15,"13":16,"14":1,"15":15,"16":0,"17":15,"18":15,"19":36,"20":11,"21":25,"22":4,"23":5,"24":5,"25":19,"26":5,"27":16,"28":5},"f":{"0":5,"1":5,"2":16,"3":15,"4":19,"5":16},"b":{"0":[19,6589],"1":[0,5],"2":[5,4],"3":[1,15],"4":[0,15],"5":[11,25]},"_coverageSchema":"1a1c01bbd47fc00a2c39e90264f33305004495a9","hash":"05509b9f9b62d087e1da6f6fd7b59cc120d5c077"}
,"/Users/npranto/workspace/projects/challenge-of-the-day/src/day21/multipleOf3And5/multipleOf3And5.js": {"path":"/Users/npranto/workspace/projects/challenge-of-the-day/src/day21/multipleOf3And5/multipleOf3And5.js","statementMap":{"0":{"start":{"line":2,"column":24},"end":{"line":17,"column":1}},"1":{"start":{"line":3,"column":16},"end":{"line":3,"column":19}},"2":{"start":{"line":4,"column":20},"end":{"line":4,"column":22}},"3":{"start":{"line":7,"column":2},"end":{"line":11,"column":3}},"4":{"start":{"line":7,"column":15},"end":{"line":7,"column":16}},"5":{"start":{"line":8,"column":4},"end":{"line":10,"column":5}},"6":{"start":{"line":9,"column":6},"end":{"line":9,"column":24}},"7":{"start":{"line":14,"column":14},"end":{"line":14,"column":72}},"8":{"start":{"line":14,"column":52},"end":{"line":14,"column":68}},"9":{"start":{"line":16,"column":2},"end":{"line":16,"column":13}}},"fnMap":{"0":{"name":"(anonymous_0)","decl":{"start":{"line":2,"column":24},"end":{"line":2,"column":25}},"loc":{"start":{"line":2,"column":33},"end":{"line":17,"column":1}},"line":2},"1":{"name":"(anonymous_1)","decl":{"start":{"line":14,"column":31},"end":{"line":14,"column":32}},"loc":{"start":{"line":14,"column":52},"end":{"line":14,"column":68}},"line":14}},"branchMap":{"0":{"loc":{"start":{"line":8,"column":4},"end":{"line":10,"column":5}},"type":"if","locations":[{"start":{"line":8,"column":4},"end":{"line":10,"column":5}},{"start":{},"end":{}}],"line":8},"1":{"loc":{"start":{"line":8,"column":8},"end":{"line":8,"column":34}},"type":"binary-expr","locations":[{"start":{"line":8,"column":8},"end":{"line":8,"column":19}},{"start":{"line":8,"column":23},"end":{"line":8,"column":34}}],"line":8}},"s":{"0":1,"1":5,"2":5,"3":5,"4":5,"5":29074,"6":13567,"7":5,"8":13567,"9":5},"f":{"0":5,"1":13567},"b":{"0":[13567,15507],"1":[29074,19383]},"_coverageSchema":"1a1c01bbd47fc00a2c39e90264f33305004495a9","hash":"76db09e0d7f33c6b63f7b1b7a7d1c135d2b58f80"}
,"/Users/npranto/workspace/projects/challenge-of-the-day/src/day21/sumSquareDifference/sumSquareDifference.js": {"path":"/Users/npranto/workspace/projects/challenge-of-the-day/src/day21/sumSquareDifference/sumSquareDifference.js","statementMap":{"0":{"start":{"line":5,"column":28},"end":{"line":27,"column":1}},"1":{"start":{"line":6,"column":25},"end":{"line":6,"column":27}},"2":{"start":{"line":9,"column":2},"end":{"line":11,"column":3}},"3":{"start":{"line":9,"column":15},"end":{"line":9,"column":16}},"4":{"start":{"line":10,"column":4},"end":{"line":10,"column":27}},"5":{"start":{"line":14,"column":28},"end":{"line":17,"column":3}},"6":{"start":{"line":15,"column":20},"end":{"line":15,"column":44}},"7":{"start":{"line":20,"column":27},"end":{"line":23,"column":3}},"8":{"start":{"line":21,"column":42},"end":{"line":21,"column":53}},"9":{"start":{"line":26,"column":2},"end":{"line":26,"column":46}}},"fnMap":{"0":{"name":"(anonymous_0)","decl":{"start":{"line":5,"column":28},"end":{"line":5,"column":29}},"loc":{"start":{"line":5,"column":37},"end":{"line":27,"column":1}},"line":5},"1":{"name":"(anonymous_1)","decl":{"start":{"line":15,"column":4},"end":{"line":15,"column":5}},"loc":{"start":{"line":15,"column":20},"end":{"line":15,"column":44}},"line":15},"2":{"name":"(anonymous_2)","decl":{"start":{"line":21,"column":26},"end":{"line":21,"column":27}},"loc":{"start":{"line":21,"column":42},"end":{"line":21,"column":53}},"line":21}},"branchMap":{},"s":{"0":1,"1":2,"2":2,"3":2,"4":30,"5":2,"6":30,"7":2,"8":30,"9":2},"f":{"0":2,"1":30,"2":30},"b":{},"_coverageSchema":"1a1c01bbd47fc00a2c39e90264f33305004495a9","hash":"e557c5f2e341884087fd8d47433cbd4699966426"}
,"/Users/npranto/workspace/projects/challenge-of-the-day/src/day24/rangeExtraction/rangeExtraction.js": {"path":"/Users/npranto/workspace/projects/challenge-of-the-day/src/day24/rangeExtraction/rangeExtraction.js","statementMap":{"0":{"start":{"line":1,"column":24},"end":{"line":39,"column":1}},"1":{"start":{"line":2,"column":2},"end":{"line":2,"column":39}},"2":{"start":{"line":2,"column":29},"end":{"line":2,"column":39}},"3":{"start":{"line":4,"column":2},"end":{"line":4,"column":45}},"4":{"start":{"line":4,"column":25},"end":{"line":4,"column":45}},"5":{"start":{"line":6,"column":13},"end":{"line":6,"column":22}},"6":{"start":{"line":7,"column":17},"end":{"line":7,"column":19}},"7":{"start":{"line":8,"column":14},"end":{"line":8,"column":15}},"8":{"start":{"line":10,"column":2},"end":{"line":34,"column":3}},"9":{"start":{"line":11,"column":20},"end":{"line":11,"column":31}},"10":{"start":{"line":12,"column":24},"end":{"line":12,"column":49}},"11":{"start":{"line":14,"column":4},"end":{"line":22,"column":5}},"12":{"start":{"line":15,"column":6},"end":{"line":15,"column":25}},"13":{"start":{"line":16,"column":11},"end":{"line":22,"column":5}},"14":{"start":{"line":17,"column":6},"end":{"line":17,"column":27}},"15":{"start":{"line":18,"column":6},"end":{"line":18,"column":23}},"16":{"start":{"line":19,"column":11},"end":{"line":22,"column":5}},"17":{"start":{"line":20,"column":6},"end":{"line":20,"column":65}},"18":{"start":{"line":21,"column":6},"end":{"line":21,"column":23}},"19":{"start":{"line":25,"column":4},"end":{"line":31,"column":5}},"20":{"start":{"line":26,"column":6},"end":{"line":30,"column":7}},"21":{"start":{"line":27,"column":8},"end":{"line":27,"column":29}},"22":{"start":{"line":28,"column":13},"end":{"line":30,"column":7}},"23":{"start":{"line":29,"column":8},"end":{"line":29,"column":67}},"24":{"start":{"line":33,"column":4},"end":{"line":33,"column":15}},"25":{"start":{"line":36,"column":2},"end":{"line":38,"column":15}},"26":{"start":{"line":37,"column":17},"end":{"line":37,"column":67}}},"fnMap":{"0":{"name":"(anonymous_0)","decl":{"start":{"line":1,"column":24},"end":{"line":1,"column":25}},"loc":{"start":{"line":1,"column":34},"end":{"line":39,"column":1}},"line":1},"1":{"name":"(anonymous_1)","decl":{"start":{"line":37,"column":9},"end":{"line":37,"column":10}},"loc":{"start":{"line":37,"column":17},"end":{"line":37,"column":67}},"line":37}},"branchMap":{"0":{"loc":{"start":{"line":2,"column":2},"end":{"line":2,"column":39}},"type":"if","locations":[{"start":{"line":2,"column":2},"end":{"line":2,"column":39}},{"start":{},"end":{}}],"line":2},"1":{"loc":{"start":{"line":2,"column":6},"end":{"line":2,"column":27}},"type":"binary-expr","locations":[{"start":{"line":2,"column":6},"end":{"line":2,"column":11}},{"start":{"line":2,"column":15},"end":{"line":2,"column":27}}],"line":2},"2":{"loc":{"start":{"line":4,"column":2},"end":{"line":4,"column":45}},"type":"if","locations":[{"start":{"line":4,"column":2},"end":{"line":4,"column":45}},{"start":{},"end":{}}],"line":4},"3":{"loc":{"start":{"line":14,"column":4},"end":{"line":22,"column":5}},"type":"if","locations":[{"start":{"line":14,"column":4},"end":{"line":22,"column":5}},{"start":{"line":16,"column":11},"end":{"line":22,"column":5}}],"line":14},"4":{"loc":{"start":{"line":16,"column":11},"end":{"line":22,"column":5}},"type":"if","locations":[{"start":{"line":16,"column":11},"end":{"line":22,"column":5}},{"start":{"line":19,"column":11},"end":{"line":22,"column":5}}],"line":16},"5":{"loc":{"start":{"line":19,"column":11},"end":{"line":22,"column":5}},"type":"if","locations":[{"start":{"line":19,"column":11},"end":{"line":22,"column":5}},{"start":{},"end":{}}],"line":19},"6":{"loc":{"start":{"line":25,"column":4},"end":{"line":31,"column":5}},"type":"if","locations":[{"start":{"line":25,"column":4},"end":{"line":31,"column":5}},{"start":{},"end":{}}],"line":25},"7":{"loc":{"start":{"line":26,"column":6},"end":{"line":30,"column":7}},"type":"if","locations":[{"start":{"line":26,"column":6},"end":{"line":30,"column":7}},{"start":{"line":28,"column":13},"end":{"line":30,"column":7}}],"line":26},"8":{"loc":{"start":{"line":28,"column":13},"end":{"line":30,"column":7}},"type":"if","locations":[{"start":{"line":28,"column":13},"end":{"line":30,"column":7}},{"start":{},"end":{}}],"line":28},"9":{"loc":{"start":{"line":37,"column":17},"end":{"line":37,"column":67}},"type":"cond-expr","locations":[{"start":{"line":37,"column":43},"end":{"line":37,"column":44}},{"start":{"line":37,"column":47},"end":{"line":37,"column":67}}],"line":37}},"s":{"0":1,"1":1,"2":0,"3":1,"4":0,"5":1,"6":1,"7":1,"8":1,"9":19,"10":19,"11":19,"12":14,"13":5,"14":2,"15":2,"16":3,"17":3,"18":3,"19":19,"20":1,"21":0,"22":1,"23":1,"24":19,"25":1,"26":7},"f":{"0":1,"1":7},"b":{"0":[0,1],"1":[1,1],"2":[0,1],"3":[14,5],"4":[2,3],"5":[3,0],"6":[1,18],"7":[0,1],"8":[1,0],"9":[3,4]},"_coverageSchema":"1a1c01bbd47fc00a2c39e90264f33305004495a9","hash":"faa4deacc53bf114ef1a405212fdb59177abc131"}
,"/Users/npranto/workspace/projects/challenge-of-the-day/src/day25/scoreOfString/scoreOfString.js": {"path":"/Users/npranto/workspace/projects/challenge-of-the-day/src/day25/scoreOfString/scoreOfString.js","statementMap":{"0":{"start":{"line":6,"column":22},"end":{"line":16,"column":1}},"1":{"start":{"line":7,"column":16},"end":{"line":7,"column":27}},"2":{"start":{"line":8,"column":14},"end":{"line":8,"column":15}},"3":{"start":{"line":9,"column":2},"end":{"line":14,"column":3}},"4":{"start":{"line":9,"column":15},"end":{"line":9,"column":16}},"5":{"start":{"line":10,"column":25},"end":{"line":10,"column":47}},"6":{"start":{"line":11,"column":25},"end":{"line":11,"column":49}},"7":{"start":{"line":12,"column":17},"end":{"line":12,"column":54}},"8":{"start":{"line":13,"column":4},"end":{"line":13,"column":18}},"9":{"start":{"line":15,"column":2},"end":{"line":15,"column":15}}},"fnMap":{"0":{"name":"(anonymous_0)","decl":{"start":{"line":6,"column":22},"end":{"line":6,"column":23}},"loc":{"start":{"line":6,"column":29},"end":{"line":16,"column":1}},"line":6}},"branchMap":{},"s":{"0":1,"1":2,"2":2,"3":2,"4":2,"5":6,"6":6,"7":6,"8":6,"9":2},"f":{"0":2},"b":{},"_coverageSchema":"1a1c01bbd47fc00a2c39e90264f33305004495a9","hash":"9252ece9597d969ed5064e1d75233d0a3bdc56f8"}
,"/Users/npranto/workspace/projects/challenge-of-the-day/src/day3/letterChanges/letterChanges.js": {"path":"/Users/npranto/workspace/projects/challenge-of-the-day/src/day3/letterChanges/letterChanges.js","statementMap":{"0":{"start":{"line":3,"column":22},"end":{"line":8,"column":1}},"1":{"start":{"line":4,"column":2},"end":{"line":6,"column":3}},"2":{"start":{"line":5,"column":4},"end":{"line":5,"column":55}},"3":{"start":{"line":7,"column":2},"end":{"line":7,"column":14}},"4":{"start":{"line":10,"column":16},"end":{"line":10,"column":46}},"5":{"start":{"line":10,"column":26},"end":{"line":10,"column":46}},"6":{"start":{"line":12,"column":22},"end":{"line":21,"column":13}},"7":{"start":{"line":13,"column":2},"end":{"line":21,"column":13}},"8":{"start":{"line":16,"column":23},"end":{"line":16,"column":42}},"9":{"start":{"line":17,"column":6},"end":{"line":17,"column":75}},"10":{"start":{"line":18,"column":6},"end":{"line":18,"column":24}},"11":{"start":{"line":19,"column":6},"end":{"line":19,"column":18}}},"fnMap":{"0":{"name":"(anonymous_0)","decl":{"start":{"line":3,"column":22},"end":{"line":3,"column":23}},"loc":{"start":{"line":3,"column":32},"end":{"line":8,"column":1}},"line":3},"1":{"name":"(anonymous_1)","decl":{"start":{"line":10,"column":16},"end":{"line":10,"column":17}},"loc":{"start":{"line":10,"column":26},"end":{"line":10,"column":46}},"line":10},"2":{"name":"(anonymous_2)","decl":{"start":{"line":12,"column":22},"end":{"line":12,"column":23}},"loc":{"start":{"line":13,"column":2},"end":{"line":21,"column":13}},"line":13},"3":{"name":"(anonymous_3)","decl":{"start":{"line":15,"column":9},"end":{"line":15,"column":10}},"loc":{"start":{"line":15,"column":19},"end":{"line":20,"column":5}},"line":15}},"branchMap":{"0":{"loc":{"start":{"line":4,"column":2},"end":{"line":6,"column":3}},"type":"if","locations":[{"start":{"line":4,"column":2},"end":{"line":6,"column":3}},{"start":{},"end":{}}],"line":4},"1":{"loc":{"start":{"line":4,"column":6},"end":{"line":4,"column":75}},"type":"binary-expr","locations":[{"start":{"line":4,"column":6},"end":{"line":4,"column":30}},{"start":{"line":4,"column":34},"end":{"line":4,"column":75}}],"line":4},"2":{"loc":{"start":{"line":17,"column":6},"end":{"line":17,"column":74}},"type":"cond-expr","locations":[{"start":{"line":17,"column":29},"end":{"line":17,"column":66}},{"start":{"line":17,"column":70},"end":{"line":17,"column":74}}],"line":17}},"s":{"0":1,"1":17,"2":13,"3":4,"4":1,"5":17,"6":1,"7":2,"8":17,"9":17,"10":17,"11":17},"f":{"0":17,"1":17,"2":2,"3":17},"b":{"0":[13,4],"1":[17,17],"2":[3,14]},"_coverageSchema":"1a1c01bbd47fc00a2c39e90264f33305004495a9","hash":"c9aea2ebec2a90c7ffecee5080d632c591ca5b0a"}
,"/Users/npranto/workspace/projects/challenge-of-the-day/src/day3/longestWord/longestWord.js": {"path":"/Users/npranto/workspace/projects/challenge-of-the-day/src/day3/longestWord/longestWord.js","statementMap":{"0":{"start":{"line":2,"column":20},"end":{"line":6,"column":12}},"1":{"start":{"line":3,"column":2},"end":{"line":6,"column":12}},"2":{"start":{"line":5,"column":20},"end":{"line":5,"column":39}}},"fnMap":{"0":{"name":"(anonymous_0)","decl":{"start":{"line":2,"column":20},"end":{"line":2,"column":21}},"loc":{"start":{"line":3,"column":2},"end":{"line":6,"column":12}},"line":3},"1":{"name":"(anonymous_1)","decl":{"start":{"line":5,"column":10},"end":{"line":5,"column":11}},"loc":{"start":{"line":5,"column":20},"end":{"line":5,"column":39}},"line":5}},"branchMap":{},"s":{"0":1,"1":2,"2":3},"f":{"0":2,"1":3},"b":{},"_coverageSchema":"1a1c01bbd47fc00a2c39e90264f33305004495a9","hash":"6e687928d0a6560d70c38b11c3ec92283b451a2b"}
,"/Users/npranto/workspace/projects/challenge-of-the-day/src/day4/simpleAdding/simpleAdding.js": {"path":"/Users/npranto/workspace/projects/challenge-of-the-day/src/day4/simpleAdding/simpleAdding.js","statementMap":{"0":{"start":{"line":1,"column":21},"end":{"line":6,"column":1}},"1":{"start":{"line":2,"column":2},"end":{"line":4,"column":3}},"2":{"start":{"line":3,"column":4},"end":{"line":3,"column":13}},"3":{"start":{"line":5,"column":2},"end":{"line":5,"column":37}}},"fnMap":{"0":{"name":"(anonymous_0)","decl":{"start":{"line":1,"column":21},"end":{"line":1,"column":22}},"loc":{"start":{"line":1,"column":30},"end":{"line":6,"column":1}},"line":1}},"branchMap":{"0":{"loc":{"start":{"line":2,"column":2},"end":{"line":4,"column":3}},"type":"if","locations":[{"start":{"line":2,"column":2},"end":{"line":4,"column":3}},{"start":{},"end":{}}],"line":2}},"s":{"0":1,"1":152,"2":2,"3":150},"f":{"0":152},"b":{"0":[2,150]},"_coverageSchema":"1a1c01bbd47fc00a2c39e90264f33305004495a9","hash":"c5eecc7479eb8e4f9128c75b212f7a0665df0049"}
,"/Users/npranto/workspace/projects/challenge-of-the-day/src/day5/letterCapitalize/letterCapitalize.js": {"path":"/Users/npranto/workspace/projects/challenge-of-the-day/src/day5/letterCapitalize/letterCapitalize.js","statementMap":{"0":{"start":{"line":1,"column":25},"end":{"line":9,"column":14}},"1":{"start":{"line":2,"column":2},"end":{"line":9,"column":14}},"2":{"start":{"line":6,"column":6},"end":{"line":6,"column":75}},"3":{"start":{"line":7,"column":6},"end":{"line":7,"column":18}}},"fnMap":{"0":{"name":"(anonymous_0)","decl":{"start":{"line":1,"column":25},"end":{"line":1,"column":26}},"loc":{"start":{"line":2,"column":2},"end":{"line":9,"column":14}},"line":2},"1":{"name":"(anonymous_1)","decl":{"start":{"line":4,"column":9},"end":{"line":4,"column":10}},"loc":{"start":{"line":4,"column":19},"end":{"line":8,"column":5}},"line":4}},"branchMap":{},"s":{"0":1,"1":2,"2":5,"3":5},"f":{"0":2,"1":5},"b":{},"_coverageSchema":"1a1c01bbd47fc00a2c39e90264f33305004495a9","hash":"b71ee6e325c1566672145dd24326aedf696d3dd9"}
,"/Users/npranto/workspace/projects/challenge-of-the-day/src/day6/isLetter/isLetter.js": {"path":"/Users/npranto/workspace/projects/challenge-of-the-day/src/day6/isLetter/isLetter.js","statementMap":{"0":{"start":{"line":1,"column":17},"end":{"line":1,"column":67}},"1":{"start":{"line":1,"column":27},"end":{"line":1,"column":67}}},"fnMap":{"0":{"name":"(anonymous_0)","decl":{"start":{"line":1,"column":17},"end":{"line":1,"column":18}},"loc":{"start":{"line":1,"column":27},"end":{"line":1,"column":67}},"line":1}},"branchMap":{"0":{"loc":{"start":{"line":1,"column":27},"end":{"line":1,"column":67}},"type":"binary-expr","locations":[{"start":{"line":1,"column":27},"end":{"line":1,"column":44}},{"start":{"line":1,"column":48},"end":{"line":1,"column":67}}],"line":1}},"s":{"0":6,"1":249},"f":{"0":249},"b":{"0":[249,249]},"_coverageSchema":"1a1c01bbd47fc00a2c39e90264f33305004495a9","hash":"0426cd2445137dbdcf5295be59ecd0c8b78dbf1b"}
,"/Users/npranto/workspace/projects/challenge-of-the-day/src/day6/simpleSymbols/simpleSymbols.js": {"path":"/Users/npranto/workspace/projects/challenge-of-the-day/src/day6/simpleSymbols/simpleSymbols.js","statementMap":{"0":{"start":{"line":3,"column":22},"end":{"line":11,"column":1}},"1":{"start":{"line":4,"column":36},"end":{"line":9,"column":5}},"2":{"start":{"line":8,"column":8},"end":{"line":8,"column":67}},"3":{"start":{"line":10,"column":2},"end":{"line":10,"column":54}}},"fnMap":{"0":{"name":"(anonymous_0)","decl":{"start":{"line":3,"column":22},"end":{"line":3,"column":23}},"loc":{"start":{"line":3,"column":31},"end":{"line":11,"column":1}},"line":3},"1":{"name":"(anonymous_1)","decl":{"start":{"line":7,"column":6},"end":{"line":7,"column":7}},"loc":{"start":{"line":8,"column":8},"end":{"line":8,"column":67}},"line":8}},"branchMap":{"0":{"loc":{"start":{"line":8,"column":8},"end":{"line":8,"column":67}},"type":"binary-expr","locations":[{"start":{"line":8,"column":8},"end":{"line":8,"column":22}},{"start":{"line":8,"column":27},"end":{"line":8,"column":38}},{"start":{"line":8,"column":42},"end":{"line":8,"column":66}}],"line":8},"1":{"loc":{"start":{"line":10,"column":9},"end":{"line":10,"column":53}},"type":"cond-expr","locations":[{"start":{"line":10,"column":37},"end":{"line":10,"column":44}},{"start":{"line":10,"column":47},"end":{"line":10,"column":53}}],"line":10}},"s":{"0":1,"1":2,"2":10,"3":2},"f":{"0":2,"1":10},"b":{"0":[10,3,2],"1":[1,1]},"_coverageSchema":"1a1c01bbd47fc00a2c39e90264f33305004495a9","hash":"68b4335c4835f753bb30b07178b16b2d6c001d79"}
,"/Users/npranto/workspace/projects/challenge-of-the-day/src/day7/aBCheck/aBCheck.js": {"path":"/Users/npranto/workspace/projects/challenge-of-the-day/src/day7/aBCheck/aBCheck.js","statementMap":{"0":{"start":{"line":1,"column":16},"end":{"line":13,"column":1}},"1":{"start":{"line":2,"column":18},"end":{"line":11,"column":4}},"2":{"start":{"line":3,"column":4},"end":{"line":9,"column":5}},"3":{"start":{"line":8,"column":6},"end":{"line":8,"column":19}},"4":{"start":{"line":10,"column":4},"end":{"line":10,"column":16}},"5":{"start":{"line":12,"column":2},"end":{"line":12,"column":18}}},"fnMap":{"0":{"name":"(anonymous_0)","decl":{"start":{"line":1,"column":16},"end":{"line":1,"column":17}},"loc":{"start":{"line":1,"column":25},"end":{"line":13,"column":1}},"line":1},"1":{"name":"(anonymous_1)","decl":{"start":{"line":2,"column":38},"end":{"line":2,"column":39}},"loc":{"start":{"line":2,"column":62},"end":{"line":11,"column":3}},"line":2}},"branchMap":{"0":{"loc":{"start":{"line":3,"column":4},"end":{"line":9,"column":5}},"type":"if","locations":[{"start":{"line":3,"column":4},"end":{"line":9,"column":5}},{"start":{},"end":{}}],"line":3},"1":{"loc":{"start":{"line":4,"column":6},"end":{"line":6,"column":56}},"type":"binary-expr","locations":[{"start":{"line":4,"column":6},"end":{"line":4,"column":18}},{"start":{"line":5,"column":11},"end":{"line":5,"column":35}},{"start":{"line":5,"column":39},"end":{"line":5,"column":63}},{"start":{"line":6,"column":12},"end":{"line":6,"column":26}},{"start":{"line":6,"column":30},"end":{"line":6,"column":54}}],"line":4}},"s":{"0":1,"1":2,"2":16,"3":1,"4":15,"5":2},"f":{"0":2,"1":16},"b":{"0":[1,15],"1":[16,2,2,1,0]},"_coverageSchema":"1a1c01bbd47fc00a2c39e90264f33305004495a9","hash":"eb77d78422a372b2576f0305fb0b1e49ff1aaf98"}
,"/Users/npranto/workspace/projects/challenge-of-the-day/src/day7/alphabetSoup/alphabetSoup.js": {"path":"/Users/npranto/workspace/projects/challenge-of-the-day/src/day7/alphabetSoup/alphabetSoup.js","statementMap":{"0":{"start":{"line":1,"column":21},"end":{"line":5,"column":13}},"1":{"start":{"line":2,"column":2},"end":{"line":5,"column":13}},"2":{"start":{"line":4,"column":26},"end":{"line":4,"column":71}}},"fnMap":{"0":{"name":"(anonymous_0)","decl":{"start":{"line":1,"column":21},"end":{"line":1,"column":22}},"loc":{"start":{"line":2,"column":2},"end":{"line":5,"column":13}},"line":2},"1":{"name":"(anonymous_1)","decl":{"start":{"line":4,"column":10},"end":{"line":4,"column":11}},"loc":{"start":{"line":4,"column":26},"end":{"line":4,"column":71}},"line":4}},"branchMap":{},"s":{"0":1,"1":2,"2":32},"f":{"0":2,"1":32},"b":{},"_coverageSchema":"1a1c01bbd47fc00a2c39e90264f33305004495a9","hash":"b743b4ad15486b3e32aa3a719f498024789a2334"}
,"/Users/npranto/workspace/projects/challenge-of-the-day/src/day7/checkNums/checkNums.js": {"path":"/Users/npranto/workspace/projects/challenge-of-the-day/src/day7/checkNums/checkNums.js","statementMap":{"0":{"start":{"line":1,"column":18},"end":{"line":3,"column":60}},"1":{"start":{"line":3,"column":3},"end":{"line":3,"column":59}}},"fnMap":{"0":{"name":"(anonymous_0)","decl":{"start":{"line":1,"column":18},"end":{"line":1,"column":19}},"loc":{"start":{"line":3,"column":3},"end":{"line":3,"column":59}},"line":3}},"branchMap":{"0":{"loc":{"start":{"line":3,"column":3},"end":{"line":3,"column":59}},"type":"cond-expr","locations":[{"start":{"line":3,"column":19},"end":{"line":3,"column":48}},{"start":{"line":3,"column":52},"end":{"line":3,"column":59}}],"line":3},"1":{"loc":{"start":{"line":3,"column":19},"end":{"line":3,"column":48}},"type":"cond-expr","locations":[{"start":{"line":3,"column":35},"end":{"line":3,"column":39}},{"start":{"line":3,"column":42},"end":{"line":3,"column":48}}],"line":3}},"s":{"0":1,"1":3},"f":{"0":3},"b":{"0":[2,1],"1":[1,1]},"_coverageSchema":"1a1c01bbd47fc00a2c39e90264f33305004495a9","hash":"bba1ca94198b73d1f4e3d173f8ecd62856e6b1a9"}
,"/Users/npranto/workspace/projects/challenge-of-the-day/src/day7/timeConvert/timeConvert.js": {"path":"/Users/npranto/workspace/projects/challenge-of-the-day/src/day7/timeConvert/timeConvert.js","statementMap":{"0":{"start":{"line":1,"column":26},"end":{"line":1,"column":63}},"1":{"start":{"line":1,"column":36},"end":{"line":1,"column":62}},"2":{"start":{"line":3,"column":20},"end":{"line":6,"column":5}},"3":{"start":{"line":4,"column":2},"end":{"line":6,"column":5}}},"fnMap":{"0":{"name":"(anonymous_0)","decl":{"start":{"line":1,"column":26},"end":{"line":1,"column":27}},"loc":{"start":{"line":1,"column":36},"end":{"line":1,"column":62}},"line":1},"1":{"name":"(anonymous_1)","decl":{"start":{"line":3,"column":20},"end":{"line":3,"column":21}},"loc":{"start":{"line":4,"column":2},"end":{"line":6,"column":5}},"line":4}},"branchMap":{"0":{"loc":{"start":{"line":1,"column":36},"end":{"line":1,"column":62}},"type":"cond-expr","locations":[{"start":{"line":1,"column":47},"end":{"line":1,"column":56}},{"start":{"line":1,"column":59},"end":{"line":1,"column":62}}],"line":1}},"s":{"0":1,"1":4,"2":1,"3":2},"f":{"0":4,"1":2},"b":{"0":[3,1]},"_coverageSchema":"1a1c01bbd47fc00a2c39e90264f33305004495a9","hash":"75ab313c798008845dc53438f7717d4f7b336343"}
,"/Users/npranto/workspace/projects/challenge-of-the-day/src/day8/isVowel/isVowel.js": {"path":"/Users/npranto/workspace/projects/challenge-of-the-day/src/day8/isVowel/isVowel.js","statementMap":{"0":{"start":{"line":1,"column":16},"end":{"line":1,"column":70}},"1":{"start":{"line":1,"column":26},"end":{"line":1,"column":70}}},"fnMap":{"0":{"name":"(anonymous_0)","decl":{"start":{"line":1,"column":16},"end":{"line":1,"column":17}},"loc":{"start":{"line":1,"column":26},"end":{"line":1,"column":70}},"line":1}},"branchMap":{"0":{"loc":{"start":{"line":1,"column":26},"end":{"line":1,"column":70}},"type":"binary-expr","locations":[{"start":{"line":1,"column":26},"end":{"line":1,"column":43}},{"start":{"line":1,"column":47},"end":{"line":1,"column":70}}],"line":1}},"s":{"0":2,"1":40},"f":{"0":40},"b":{"0":[40,40]},"_coverageSchema":"1a1c01bbd47fc00a2c39e90264f33305004495a9","hash":"8acbfb9244ce38a157c9c0d915e107695f3f2c4f"}
,"/Users/npranto/workspace/projects/challenge-of-the-day/src/day8/vowelCount/vowelCount.js": {"path":"/Users/npranto/workspace/projects/challenge-of-the-day/src/day8/vowelCount/vowelCount.js","statementMap":{"0":{"start":{"line":4,"column":19},"end":{"line":5,"column":68}},"1":{"start":{"line":5,"column":2},"end":{"line":5,"column":68}},"2":{"start":{"line":5,"column":47},"end":{"line":5,"column":60}}},"fnMap":{"0":{"name":"(anonymous_0)","decl":{"start":{"line":4,"column":19},"end":{"line":4,"column":20}},"loc":{"start":{"line":5,"column":2},"end":{"line":5,"column":68}},"line":5},"1":{"name":"(anonymous_1)","decl":{"start":{"line":5,"column":23},"end":{"line":5,"column":24}},"loc":{"start":{"line":5,"column":47},"end":{"line":5,"column":60}},"line":5}},"branchMap":{},"s":{"0":1,"1":2,"2":32},"f":{"0":2,"1":32},"b":{},"_coverageSchema":"1a1c01bbd47fc00a2c39e90264f33305004495a9","hash":"ef09465ab8d86f7b88a81403a34d0d31abd4d385"}
,"/Users/npranto/workspace/projects/challenge-of-the-day/src/day9/trimPunctuationsFromBothEnd/trimPunctuationsFromBothEnd.js": {"path":"/Users/npranto/workspace/projects/challenge-of-the-day/src/day9/trimPunctuationsFromBothEnd/trimPunctuationsFromBothEnd.js","statementMap":{"0":{"start":{"line":4,"column":36},"end":{"line":8,"column":13}},"1":{"start":{"line":5,"column":2},"end":{"line":8,"column":13}},"2":{"start":{"line":7,"column":34},"end":{"line":7,"column":48}}},"fnMap":{"0":{"name":"(anonymous_0)","decl":{"start":{"line":4,"column":36},"end":{"line":4,"column":37}},"loc":{"start":{"line":5,"column":2},"end":{"line":8,"column":13}},"line":5},"1":{"name":"(anonymous_1)","decl":{"start":{"line":7,"column":12},"end":{"line":7,"column":13}},"loc":{"start":{"line":7,"column":34},"end":{"line":7,"column":48}},"line":7}},"branchMap":{},"s":{"0":3,"1":32,"2":118},"f":{"0":32,"1":118},"b":{},"_coverageSchema":"1a1c01bbd47fc00a2c39e90264f33305004495a9","hash":"3113f15fc009e417bb8db46078eda7857af22147"}
,"/Users/npranto/workspace/projects/challenge-of-the-day/src/day9/wordCount/wordCount.js": {"path":"/Users/npranto/workspace/projects/challenge-of-the-day/src/day9/wordCount/wordCount.js","statementMap":{"0":{"start":{"line":5,"column":18},"end":{"line":10,"column":12}},"1":{"start":{"line":6,"column":2},"end":{"line":10,"column":12}},"2":{"start":{"line":9,"column":6},"end":{"line":9,"column":59}}},"fnMap":{"0":{"name":"(anonymous_0)","decl":{"start":{"line":5,"column":18},"end":{"line":5,"column":19}},"loc":{"start":{"line":6,"column":2},"end":{"line":10,"column":12}},"line":6},"1":{"name":"(anonymous_1)","decl":{"start":{"line":8,"column":12},"end":{"line":8,"column":13}},"loc":{"start":{"line":9,"column":6},"end":{"line":9,"column":59}},"line":9}},"branchMap":{},"s":{"0":1,"1":2,"2":17},"f":{"0":2,"1":17},"b":{},"_coverageSchema":"1a1c01bbd47fc00a2c39e90264f33305004495a9","hash":"a106c7c47e7028eab1b5527d961f5b3515a66c84"}
}
