TN:
SF:src/day1/firstReverse/firstReverse.js
FN:1,(anonymous_0)
FNF:1
FNH:1
FNDA:6,(anonymous_0)
DA:1,1
DA:2,6
DA:3,4
DA:5,2
LF:4
LH:4
BRDA:2,0,0,4
BRDA:2,0,1,2
BRF:2
BRH:2
end_of_record
TN:
SF:src/day10/arithGeo/arithGeo.js
FN:1,(anonymous_0)
FN:6,(anonymous_1)
FN:10,(anonymous_2)
FNF:3
FNH:3
FNDA:3,(anonymous_0)
FNDA:12,(anonymous_1)
FNDA:12,(anonymous_2)
DA:1,1
DA:2,3
DA:3,3
DA:5,3
DA:6,12
DA:9,3
DA:10,12
DA:12,3
LF:8
LH:8
BRDA:12,0,0,1
BRDA:12,0,1,2
BRDA:14,1,0,1
BRDA:14,1,1,1
BRF:4
BRH:4
end_of_record
TN:
SF:src/day10/exOh/exOh.js
FN:1,(anonymous_0)
FN:3,(anonymous_1)
FNF:2
FNH:2
FNDA:2,(anonymous_0)
FNDA:19,(anonymous_1)
DA:1,1
DA:2,2
DA:3,2
DA:4,19
DA:6,2
LF:5
LH:5
BRDA:4,0,0,10
BRDA:4,0,1,9
BRF:2
BRH:2
end_of_record
TN:
SF:src/day10/palindrome/palindrome.js
FN:1,(anonymous_0)
FNF:1
FNH:1
FNDA:3,(anonymous_0)
DA:1,3
LF:1
LH:1
BRF:0
BRH:0
end_of_record
TN:
SF:src/day11/findMean/findMean.js
FN:1,(anonymous_0)
FN:2,(anonymous_1)
FNF:2
FNH:2
FNDA:4,(anonymous_0)
FNDA:14,(anonymous_1)
DA:1,2
DA:2,14
DA:3,4
LF:3
LH:3
BRF:0
BRH:0
end_of_record
TN:
SF:src/day11/findMode/findMode.js
FN:2,(anonymous_0)
FN:5,(anonymous_1)
FN:14,(anonymous_2)
FN:16,(anonymous_3)
FNF:4
FNH:4
FNDA:4,(anonymous_0)
FNDA:19,(anonymous_1)
FNDA:26,(anonymous_2)
FNDA:130,(anonymous_3)
DA:2,2
DA:3,4
DA:4,4
DA:5,4
DA:6,19
DA:7,7
DA:8,7
DA:11,4
DA:14,2
DA:15,26
DA:16,26
DA:17,130
DA:19,26
LF:13
LH:13
BRDA:6,0,0,7
BRDA:6,0,1,12
BRDA:11,1,0,1
BRDA:11,1,1,3
BRDA:17,2,0,47
BRDA:17,2,1,83
BRF:6
BRH:6
end_of_record
TN:
SF:src/day11/letterCountI/letterCountI.js
FN:5,(anonymous_0)
FN:11,(anonymous_1)
FN:12,(anonymous_2)
FN:13,(anonymous_3)
FNF:4
FNH:4
FNDA:2,(anonymous_0)
FNDA:11,(anonymous_1)
FNDA:11,(anonymous_2)
FNDA:44,(anonymous_3)
DA:5,1
DA:6,2
DA:7,2
DA:8,2
DA:9,2
DA:11,11
DA:13,11
DA:14,44
DA:15,4
DA:16,4
DA:17,4
DA:22,2
LF:12
LH:12
BRDA:14,0,0,4
BRDA:14,0,1,40
BRF:2
BRH:2
end_of_record
TN:
SF:src/day11/meanMode/meanMode.js
FN:4,(anonymous_0)
FNF:1
FNH:1
FNDA:2,(anonymous_0)
DA:4,1
DA:5,2
DA:6,2
DA:7,2
LF:4
LH:4
BRDA:7,0,0,1
BRDA:7,0,1,1
BRF:2
BRH:2
end_of_record
TN:
SF:src/day11/numberOfTimesLetterOccurInWord/numberOfTimesLetterOccurInWord.js
FN:2,(anonymous_0)
FN:4,(anonymous_1)
FNF:2
FNH:2
FNDA:51,(anonymous_0)
FNDA:241,(anonymous_1)
DA:2,2
DA:3,51
DA:4,51
DA:5,241
DA:6,66
DA:9,51
LF:6
LH:6
BRDA:5,0,0,66
BRDA:5,0,1,175
BRF:2
BRH:2
end_of_record
TN:
SF:src/day11/secondGreatLow/secondGreatLow.js
FN:1,(anonymous_0)
FN:2,(anonymous_1)
FN:2,(anonymous_2)
FN:4,(anonymous_3)
FNF:4
FNH:4
FNDA:2,(anonymous_0)
FNDA:2,(anonymous_1)
FNDA:12,(anonymous_2)
FNDA:2,(anonymous_3)
DA:1,2
DA:2,12
DA:4,1
DA:5,2
LF:4
LH:4
BRF:0
BRH:0
end_of_record
TN:
SF:src/day12/dashInsert/dashInsert.js
FN:3,(anonymous_0)
FN:10,(anonymous_1)
FNF:2
FNH:2
FNDA:3,(anonymous_0)
FNDA:15,(anonymous_1)
DA:3,1
DA:4,3
DA:5,3
DA:6,3
DA:8,3
DA:10,3
DA:11,15
DA:12,12
DA:13,3
DA:14,3
DA:19,3
LF:11
LH:11
BRDA:11,0,0,12
BRDA:11,0,1,3
BRDA:12,1,0,3
BRDA:12,1,1,9
BRDA:12,2,0,12
BRDA:12,2,1,7
BRF:6
BRH:6
end_of_record
TN:
SF:src/day12/isEven/isEven.js
FN:1,(anonymous_0)
FNF:1
FNH:1
FNDA:33,(anonymous_0)
DA:1,33
LF:1
LH:1
BRF:0
BRH:0
end_of_record
TN:
SF:src/day12/isOdd/isOdd.js
FN:1,(anonymous_0)
FNF:1
FNH:1
FNDA:22,(anonymous_0)
DA:1,22
LF:1
LH:1
BRF:0
BRH:0
end_of_record
TN:
SF:src/day13/powersOfTwo/powersOfTwo.js
FN:1,(anonymous_0)
FN:10,(anonymous_1)
FNF:2
FNH:2
FNDA:11,(anonymous_0)
FNDA:2,(anonymous_1)
DA:1,1
DA:2,11
DA:3,2
DA:5,9
DA:6,9
DA:7,9
DA:10,1
DA:11,2
DA:12,1
DA:14,1
LF:10
LH:10
BRDA:2,0,0,2
BRDA:2,0,1,9
BRDA:11,1,0,1
BRDA:11,1,1,1
BRF:4
BRH:4
end_of_record
TN:
SF:src/day13/thirdGreatest/thirdGreatest.js
FN:1,(anonymous_0)
FN:2,(anonymous_1)
FNF:2
FNH:2
FNDA:2,(anonymous_0)
FNDA:10,(anonymous_1)
DA:1,1
DA:2,10
LF:2
LH:2
BRF:0
BRH:0
end_of_record
TN:
SF:src/day14/primeMover/primeMover.js
FN:3,(anonymous_0)
FNF:1
FNH:1
FNDA:2,(anonymous_0)
DA:3,1
DA:4,2
DA:5,2
DA:6,2
DA:7,54
DA:8,54
DA:9,17
DA:12,2
LF:8
LH:8
BRDA:8,0,0,17
BRDA:8,0,1,37
BRF:2
BRH:2
end_of_record
TN:
SF:src/day14/primeTime/primeTime.js
FN:1,(anonymous_0)
FN:11,(anonymous_1)
FNF:2
FNH:2
FNDA:334,(anonymous_0)
FNDA:58,(anonymous_1)
DA:1,2
DA:2,334
DA:3,19
DA:5,315
DA:6,38
DA:8,277
DA:11,2
DA:12,58
DA:13,1
DA:15,57
LF:10
LH:10
BRDA:2,0,0,19
BRDA:2,0,1,315
BRDA:5,1,0,38
BRDA:5,1,1,277
BRDA:12,2,0,1
BRDA:12,2,1,57
BRDA:12,3,0,58
BRDA:12,3,1,57
BRF:8
BRH:8
end_of_record
TN:
SF:src/day15/camelCase/camelCase.js
FN:1,(anonymous_0)
FN:4,(anonymous_1)
FNF:2
FNH:2
FNDA:2,(anonymous_0)
FNDA:4,(anonymous_1)
DA:1,1
DA:2,2
DA:5,4
DA:6,2
DA:8,2
LF:5
LH:5
BRDA:5,0,0,2
BRDA:5,0,1,2
BRF:2
BRH:2
end_of_record
TN:
SF:src/day16/divisionStringified/divisionStringified.js
FN:1,(anonymous_0)
FN:18,(anonymous_1)
FNF:2
FNH:2
FNDA:3,(anonymous_0)
FNDA:8,(anonymous_1)
DA:1,1
DA:2,3
DA:3,1
DA:6,2
DA:8,2
DA:12,2
DA:14,2
DA:19,8
DA:20,1
DA:21,1
DA:23,8
DA:24,8
DA:25,8
LF:13
LH:13
BRDA:2,0,0,1
BRDA:2,0,1,2
BRDA:2,1,0,3
BRDA:2,1,1,2
BRDA:8,2,0,1
BRDA:8,2,1,1
BRDA:19,3,0,1
BRDA:19,3,1,7
BRF:8
BRH:8
end_of_record
TN:
SF:src/day17/formatTime/formatTime.js
FN:1,(anonymous_0)
FNF:1
FNH:1
FNDA:4,(anonymous_0)
DA:1,4
LF:1
LH:1
BRDA:1,0,0,2
BRDA:1,0,1,2
BRF:2
BRH:2
end_of_record
TN:
SF:src/day17/kaprekarsConstant/kaprekarsConstant.js
FN:1,(anonymous_0)
FN:2,(anonymous_1)
FN:7,(anonymous_2)
FN:12,(anonymous_3)
FN:27,(anonymous_4)
FN:28,(anonymous_5)
FNF:6
FNH:6
FNDA:2,(anonymous_0)
FNDA:24,(anonymous_1)
FNDA:96,(anonymous_2)
FNDA:10,(anonymous_3)
FNDA:54,(anonymous_4)
FNDA:56,(anonymous_5)
DA:1,1
DA:2,2
DA:3,24
DA:7,96
DA:12,2
DA:13,10
DA:14,10
DA:15,1
DA:16,1
DA:19,10
DA:22,2
DA:23,2
DA:24,2
DA:26,2
DA:27,54
DA:28,56
DA:29,12
DA:30,2
DA:32,10
DA:34,12
DA:37,2
LF:21
LH:21
BRDA:14,0,0,1
BRDA:14,0,1,9
BRDA:29,1,0,2
BRDA:29,1,1,10
BRF:4
BRH:4
end_of_record
TN:
SF:src/day17/removePunctuationFromWord/removePunctuationFromWord.js
FN:1,(anonymous_0)
FN:5,(anonymous_1)
FNF:2
FNH:2
FNDA:5,(anonymous_0)
FNDA:58,(anonymous_1)
DA:1,1
DA:2,5
DA:3,5
DA:4,5
DA:5,58
LF:5
LH:5
BRF:0
BRH:0
end_of_record
TN:
SF:src/day18/numberAddition/numberAddition.js
FN:1,(anonymous_0)
FN:6,(anonymous_1)
FNF:2
FNH:2
FNDA:12,(anonymous_0)
FNDA:20,(anonymous_1)
DA:1,1
DA:2,12
DA:3,12
DA:4,12
DA:6,20
LF:5
LH:5
BRDA:4,0,0,8
BRDA:4,0,1,4
BRF:2
BRH:2
end_of_record
TN:
SF:src/day18/swapCase/swapCase.js
FN:3,(anonymous_0)
FN:6,(anonymous_1)
FNF:2
FNH:2
FNDA:3,(anonymous_0)
FNDA:118,(anonymous_1)
DA:3,1
DA:4,3
DA:7,118
LF:3
LH:3
BRDA:7,0,0,90
BRDA:7,0,1,28
BRDA:8,1,0,18
BRDA:8,1,1,72
BRF:4
BRH:4
end_of_record
TN:
SF:src/day19/evenFibonacciNumbers/evenFibonacciNumbers.js
FN:3,(anonymous_0)
FN:18,(anonymous_1)
FNF:2
FNH:2
FNDA:31,(anonymous_0)
FNDA:10,(anonymous_1)
DA:3,1
DA:4,31
DA:6,31
DA:8,31
DA:10,30
DA:12,10
DA:15,30
DA:18,10
LF:8
LH:8
BRDA:3,0,0,1
BRDA:3,1,0,1
BRDA:3,2,0,1
BRDA:8,3,0,30
BRDA:8,3,1,1
BRDA:10,4,0,10
BRDA:10,4,1,20
BRF:7
BRH:7
end_of_record
TN:
SF:src/day19/multiplesOfThreeAndFive/multiplesOfThreeAndFive.js
FN:1,(anonymous_0)
FN:16,(anonymous_1)
FNF:2
FNH:2
FNDA:2,(anonymous_0)
FNDA:470,(anonymous_1)
DA:1,1
DA:2,2
DA:3,2
DA:5,2
DA:6,1008
DA:7,336
DA:9,1008
DA:10,134
DA:12,1008
DA:15,2
DA:16,470
LF:11
LH:11
BRDA:6,0,0,336
BRDA:6,0,1,672
BRDA:6,1,0,1008
BRDA:6,1,1,336
BRDA:9,2,0,134
BRDA:9,2,1,874
BRDA:9,3,0,1008
BRDA:9,3,1,200
BRF:8
BRH:8
end_of_record
TN:
SF:src/day2/firstFactorial/firstFactorial.js
FN:1,(anonymous_0)
FN:3,(anonymous_1)
FNF:2
FNH:2
FNDA:10,(anonymous_0)
FNDA:13,(anonymous_1)
DA:1,10
DA:3,1
DA:4,13
DA:5,10
DA:6,1
DA:8,9
DA:9,2
DA:11,7
DA:13,3
LF:9
LH:9
BRDA:4,0,0,10
BRDA:4,0,1,3
BRDA:4,1,0,13
BRDA:4,1,1,10
BRDA:5,2,0,1
BRDA:5,2,1,9
BRDA:8,3,0,2
BRDA:8,3,1,7
BRF:8
BRH:8
end_of_record
TN:
SF:src/day20/isFactor/isFactor.js
FN:1,(anonymous_0)
FNF:1
FNH:1
FNDA:6571,(anonymous_0)
DA:1,2
DA:2,6571
LF:2
LH:2
BRDA:2,0,0,6571
BRDA:2,0,1,6571
BRDA:2,0,2,6571
BRF:3
BRH:3
end_of_record
TN:
SF:src/day20/isPrime/isPrime.js
FN:1,(anonymous_0)
FNF:1
FNH:1
FNDA:14,(anonymous_0)
DA:1,2
DA:2,14
DA:3,14
DA:4,2312
DA:5,11
DA:7,2301
DA:9,3
LF:7
LH:7
BRDA:4,0,0,11
BRDA:4,0,1,2301
BRF:2
BRH:2
end_of_record
TN:
SF:src/day20/largestPrimeFactor/largestPrimeFactor.js
FN:4,(anonymous_0)
FNF:1
FNH:1
FNDA:1,(anonymous_0)
DA:4,1
DA:5,1
DA:6,1
DA:7,6569
DA:8,1
DA:10,6568
DA:12,0
LF:7
LH:6
BRDA:7,0,0,1
BRDA:7,0,1,6568
BRDA:7,1,0,6569
BRDA:7,1,1,11
BRF:4
BRH:4
end_of_record
TN:
SF:src/day21/evenFibonacci/evenFibonacci.js
FN:1,(anonymous_0)
FN:5,(anonymous_1)
FN:13,(anonymous_2)
FN:16,(anonymous_3)
FNF:4
FNH:4
FNDA:4,(anonymous_0)
FNDA:57,(anonymous_1)
FNDA:57,(anonymous_2)
FNDA:18,(anonymous_3)
DA:1,1
DA:2,4
DA:5,57
DA:8,4
DA:9,49
DA:13,57
DA:16,18
DA:18,4
LF:8
LH:8
BRDA:1,0,0,0
BRF:1
BRH:0
end_of_record
TN:
SF:src/day21/largestPalindromeProduct/largestPalindromeProduct.js
FN:2,(anonymous_0)
FN:6,(anonymous_1)
FN:7,(anonymous_2)
FN:18,(anonymous_3)
FNF:4
FNH:4
FNDA:2,(anonymous_0)
FNDA:2,(anonymous_1)
FNDA:1007802,(anonymous_2)
FNDA:1007802,(anonymous_3)
DA:2,1
DA:6,2
DA:7,2
DA:8,1007802
DA:10,2
DA:11,2
DA:12,2
DA:13,1098
DA:14,1007802
DA:18,2
DA:19,1007802
DA:22,2
LF:12
LH:12
BRF:0
BRH:0
end_of_record
TN:
SF:src/day21/largestPrimeFactor/largestPrimeFactor.js
FN:1,(anonymous_0)
FN:3,(anonymous_1)
FN:19,(anonymous_2)
FN:21,(anonymous_3)
FN:40,(anonymous_4)
FN:42,(anonymous_5)
FNF:6
FNH:6
FNDA:5,(anonymous_0)
FNDA:5,(anonymous_1)
FNDA:16,(anonymous_2)
FNDA:15,(anonymous_3)
FNDA:19,(anonymous_4)
FNDA:16,(anonymous_5)
DA:1,1
DA:3,5
DA:4,5
DA:6,5
DA:7,6608
DA:8,19
DA:12,5
DA:13,0
DA:15,5
DA:19,5
DA:21,16
DA:24,16
DA:27,15
DA:29,15
DA:30,15
DA:31,36
DA:32,25
DA:34,4
DA:38,5
DA:40,19
DA:42,16
DA:44,5
LF:22
LH:21
BRDA:7,0,0,19
BRDA:7,0,1,6589
BRDA:12,1,0,0
BRDA:12,1,1,5
BRDA:12,2,0,5
BRDA:12,2,1,4
BRDA:24,3,0,1
BRDA:24,3,1,15
BRDA:27,4,0,0
BRDA:27,4,1,15
BRDA:31,5,0,11
BRDA:31,5,1,25
BRF:12
BRH:10
end_of_record
TN:
SF:src/day21/multipleOf3And5/multipleOf3And5.js
FN:1,(anonymous_0)
FN:13,(anonymous_1)
FNF:2
FNH:2
FNDA:5,(anonymous_0)
FNDA:13567,(anonymous_1)
DA:1,1
DA:2,5
DA:3,5
DA:6,5
DA:7,29074
DA:8,13567
DA:13,13567
DA:15,5
LF:8
LH:8
BRDA:7,0,0,13567
BRDA:7,0,1,15507
BRDA:7,1,0,29074
BRDA:7,1,1,19383
BRF:4
BRH:4
end_of_record
TN:
SF:src/day21/sumSquareDifference/sumSquareDifference.js
FN:2,(anonymous_0)
FN:12,(anonymous_1)
FN:18,(anonymous_2)
FNF:3
FNH:3
FNDA:2,(anonymous_0)
FNDA:30,(anonymous_1)
FNDA:30,(anonymous_2)
DA:2,1
DA:3,2
DA:6,2
DA:7,30
DA:11,2
DA:12,30
DA:17,2
DA:18,30
DA:23,2
LF:9
LH:9
BRF:0
BRH:0
end_of_record
TN:
SF:src/day24/rangeExtraction/rangeExtraction.js
FN:1,(anonymous_0)
FN:37,(anonymous_1)
FNF:2
FNH:2
FNDA:1,(anonymous_0)
FNDA:7,(anonymous_1)
DA:1,1
DA:2,1
DA:4,1
DA:6,1
DA:7,1
DA:8,1
DA:10,1
DA:11,19
DA:12,19
DA:14,19
DA:15,14
DA:16,5
DA:17,2
DA:18,2
DA:19,3
DA:20,3
DA:21,3
DA:25,19
DA:26,1
DA:27,0
DA:28,1
DA:29,1
DA:33,19
DA:36,1
DA:37,7
LF:25
LH:24
BRDA:2,0,0,0
BRDA:2,0,1,1
BRDA:2,1,0,1
BRDA:2,1,1,1
BRDA:4,2,0,0
BRDA:4,2,1,1
BRDA:14,3,0,14
BRDA:14,3,1,5
BRDA:16,4,0,2
BRDA:16,4,1,3
BRDA:19,5,0,3
BRDA:19,5,1,0
BRDA:25,6,0,1
BRDA:25,6,1,18
BRDA:26,7,0,0
BRDA:26,7,1,1
BRDA:28,8,0,1
BRDA:28,8,1,0
BRDA:37,9,0,3
BRDA:37,9,1,4
BRF:20
BRH:15
end_of_record
TN:
SF:src/day25/scoreOfString/scoreOfString.js
FN:5,(anonymous_0)
FNF:1
FNH:1
FNDA:2,(anonymous_0)
DA:5,1
DA:6,2
DA:7,2
DA:8,2
DA:9,6
DA:10,6
DA:11,6
DA:12,6
DA:14,2
LF:9
LH:9
BRF:0
BRH:0
end_of_record
TN:
SF:src/day3/letterChanges/letterChanges.js
FN:1,(anonymous_0)
FN:8,(anonymous_1)
FN:10,(anonymous_2)
FN:13,(anonymous_3)
FNF:4
FNH:4
FNDA:17,(anonymous_0)
FNDA:17,(anonymous_1)
FNDA:2,(anonymous_2)
FNDA:17,(anonymous_3)
DA:1,1
DA:2,17
DA:3,13
DA:5,4
DA:8,17
DA:10,1
DA:11,2
DA:14,17
DA:15,17
DA:16,17
DA:17,17
LF:11
LH:11
BRDA:2,0,0,13
BRDA:2,0,1,4
BRDA:2,1,0,17
BRDA:2,1,1,17
BRDA:15,2,0,3
BRDA:15,2,1,14
BRF:6
BRH:6
end_of_record
TN:
SF:src/day3/longestWord/longestWord.js
FN:2,(anonymous_0)
FN:5,(anonymous_1)
FNF:2
FNH:2
FNDA:2,(anonymous_0)
FNDA:3,(anonymous_1)
DA:2,1
DA:3,2
DA:5,3
LF:3
LH:3
BRF:0
BRH:0
end_of_record
TN:
SF:src/day4/simpleAdding/simpleAdding.js
FN:1,(anonymous_0)
FNF:1
FNH:1
FNDA:152,(anonymous_0)
DA:1,1
DA:2,152
DA:3,2
DA:5,150
LF:4
LH:4
BRDA:2,0,0,2
BRDA:2,0,1,150
BRF:2
BRH:2
end_of_record
TN:
SF:src/day5/letterCapitalize/letterCapitalize.js
FN:1,(anonymous_0)
FN:4,(anonymous_1)
FNF:2
FNH:2
FNDA:2,(anonymous_0)
FNDA:5,(anonymous_1)
DA:1,1
DA:2,2
DA:5,5
DA:6,5
LF:4
LH:4
BRF:0
BRH:0
end_of_record
TN:
SF:src/day6/isLetter/isLetter.js
FN:1,(anonymous_0)
FNF:1
FNH:1
FNDA:249,(anonymous_0)
DA:1,249
LF:1
LH:1
BRDA:1,0,0,249
BRDA:1,0,1,249
BRF:2
BRH:2
end_of_record
TN:
SF:src/day6/simpleSymbols/simpleSymbols.js
FN:3,(anonymous_0)
FN:7,(anonymous_1)
FNF:2
FNH:2
FNDA:2,(anonymous_0)
FNDA:10,(anonymous_1)
DA:3,1
DA:4,2
DA:8,10
DA:10,2
LF:4
LH:4
BRDA:8,0,0,10
BRDA:8,0,1,3
BRDA:8,0,2,2
BRDA:10,1,0,1
BRDA:10,1,1,1
BRF:5
BRH:5
end_of_record
TN:
SF:src/day7/aBCheck/aBCheck.js
FN:1,(anonymous_0)
FN:2,(anonymous_1)
FNF:2
FNH:2
FNDA:2,(anonymous_0)
FNDA:16,(anonymous_1)
DA:1,1
DA:2,2
DA:3,16
DA:8,1
DA:10,15
DA:12,2
LF:6
LH:6
BRDA:3,0,0,1
BRDA:3,0,1,15
BRDA:4,1,0,16
BRDA:4,1,1,2
BRDA:4,1,2,2
BRDA:4,1,3,1
BRDA:4,1,4,0
BRF:7
BRH:6
end_of_record
TN:
SF:src/day7/alphabetSoup/alphabetSoup.js
FN:1,(anonymous_0)
FN:4,(anonymous_1)
FNF:2
FNH:2
FNDA:2,(anonymous_0)
FNDA:32,(anonymous_1)
DA:1,1
DA:2,2
DA:4,32
LF:3
LH:3
BRF:0
BRH:0
end_of_record
TN:
SF:src/day7/checkNums/checkNums.js
FN:1,(anonymous_0)
FNF:1
FNH:1
FNDA:3,(anonymous_0)
DA:1,1
DA:2,3
LF:2
LH:2
BRDA:2,0,0,2
BRDA:2,0,1,1
BRDA:2,1,0,1
BRDA:2,1,1,1
BRF:4
BRH:4
end_of_record
TN:
SF:src/day7/timeConvert/timeConvert.js
FN:1,(anonymous_0)
FN:3,(anonymous_1)
FNF:2
FNH:2
FNDA:4,(anonymous_0)
FNDA:2,(anonymous_1)
DA:1,4
DA:3,1
DA:4,2
LF:3
LH:3
BRDA:1,0,0,3
BRDA:1,0,1,1
BRF:2
BRH:2
end_of_record
TN:
SF:src/day8/isVowel/isVowel.js
FN:1,(anonymous_0)
FNF:1
FNH:1
FNDA:40,(anonymous_0)
DA:1,40
LF:1
LH:1
BRDA:1,0,0,40
BRDA:1,0,1,40
BRF:2
BRH:2
end_of_record
TN:
SF:src/day8/vowelCount/vowelCount.js
FN:4,(anonymous_0)
FN:5,(anonymous_1)
FNF:2
FNH:2
FNDA:2,(anonymous_0)
FNDA:32,(anonymous_1)
DA:4,1
DA:5,32
LF:2
LH:2
BRF:0
BRH:0
end_of_record
TN:
SF:src/day9/trimPunctuationsFromBothEnd/trimPunctuationsFromBothEnd.js
FN:4,(anonymous_0)
FN:7,(anonymous_1)
FNF:2
FNH:2
FNDA:32,(anonymous_0)
FNDA:118,(anonymous_1)
DA:4,3
DA:5,32
DA:7,118
LF:3
LH:3
BRF:0
BRH:0
end_of_record
TN:
SF:src/day9/wordCount/wordCount.js
FN:4,(anonymous_0)
FN:7,(anonymous_1)
FNF:2
FNH:2
FNDA:2,(anonymous_0)
FNDA:17,(anonymous_1)
DA:4,1
DA:5,2
DA:8,17
LF:3
LH:3
BRF:0
BRH:0
end_of_record
